#
# A fatal error has been detected by the Java Runtime Environment:
#
#  EXCEPTION_ACCESS_VIOLATION (0xc0000005) at pc=0x00007ffd5e5f1613, pid=16056, tid=7452
#
# JRE version: OpenJDK Runtime Environment (15.0.1+9) (build 15.0.1+9-18)
# Java VM: OpenJDK 64-Bit Server VM (15.0.1+9-18, mixed mode, tiered, compressed oops, g1 gc, windows-amd64)
# Problematic frame:
# V  [jvm.dll+0x351613]
#
# No core dump will be written. Minidumps are not enabled by default on client versions of Windows
#
# If you would like to submit a bug report, please visit:
#   https://bugreport.java.com/bugreport/crash.jsp
#

---------------  S U M M A R Y ------------

Command Line: -Dcom.sun.management.jmxremote -Dcom.sun.management.jmxremote.port=58811 -Dcom.sun.management.jmxremote.authenticate=false -Dcom.sun.management.jmxremote.ssl=false -Djava.rmi.server.hostname=localhost -Dspring.jmx.enabled=true -Dspring.application.admin.enabled=true -XX:TieredStopAtLevel=1 -Dspring.boot.project.name=JustVoteprj -Dfile.encoding=UTF-8 -XX:+ShowCodeDetailsInExceptionMessages com.justvote.JustVoteprjApplication --spring.output.ansi.enabled=always

Host: Intel(R) Core(TM) i5-8265U CPU @ 1.60GHz, 8 cores, 7G,  Windows 10 , 64 bit Build 19041 (10.0.19041.928)
Time: Fri May 14 00:37:36 2021 대한민국 표준시 elapsed time: 1.315333 seconds (0d 0h 0m 1s)

---------------  T H R E A D  ---------------

Current thread (0x000001fa96c9ae20):  JavaThread "background-preinit" [_thread_in_vm, id=7452, stack(0x000000c50c900000,0x000000c50ca00000)]

Stack: [0x000000c50c900000,0x000000c50ca00000],  sp=0x000000c50c9f7f70,  free space=991k
Native frames: (J=compiled Java code, j=interpreted, Vv=VM code, C=native code)
V  [jvm.dll+0x351613]
V  [jvm.dll+0x62adc2]
V  [jvm.dll+0x3519de]
V  [jvm.dll+0x351aea]
V  [jvm.dll+0x70882e]
V  [jvm.dll+0x707c91]
V  [jvm.dll+0x70833d]
V  [jvm.dll+0x1c0127]
V  [jvm.dll+0x1b2d9a]
V  [jvm.dll+0x504cd8]
V  [jvm.dll+0x707481]
V  [jvm.dll+0x3d9d3b]
V  [jvm.dll+0x3dfdb4]
C  [java.dll+0x1780]

Java frames: (J=compiled Java code, j=interpreted, Vv=VM code)
J 1148  java.lang.ClassLoader.defineClass1(Ljava/lang/ClassLoader;Ljava/lang/String;[BIILjava/security/ProtectionDomain;Ljava/lang/String;)Ljava/lang/Class; java.base@15.0.1 (0 bytes) @ 0x000001fa808c787b [0x000001fa808c77c0+0x00000000000000bb]
J 1265 c1 java.lang.ClassLoader.defineClass(Ljava/lang/String;[BIILjava/security/ProtectionDomain;)Ljava/lang/Class; java.base@15.0.1 (43 bytes) @ 0x000001fa808f955c [0x000001fa808f9460+0x00000000000000fc]
J 1161 c1 jdk.internal.loader.BuiltinClassLoader.defineClass(Ljava/lang/String;Ljdk/internal/loader/Resource;)Ljava/lang/Class; java.base@15.0.1 (121 bytes) @ 0x000001fa808d023c [0x000001fa808cfda0+0x000000000000049c]
J 1152 c1 jdk.internal.loader.BuiltinClassLoader.findClassOnClassPathOrNull(Ljava/lang/String;)Ljava/lang/Class; java.base@15.0.1 (64 bytes) @ 0x000001fa808c8dec [0x000001fa808c8be0+0x000000000000020c]
J 943 c1 jdk.internal.loader.BuiltinClassLoader.loadClassOrNull(Ljava/lang/String;Z)Ljava/lang/Class; java.base@15.0.1 (143 bytes) @ 0x000001fa8086ec4c [0x000001fa8086e800+0x000000000000044c]
J 1062 c1 jdk.internal.loader.ClassLoaders$AppClassLoader.loadClass(Ljava/lang/String;Z)Ljava/lang/Class; java.base@15.0.1 (40 bytes) @ 0x000001fa808a12c4 [0x000001fa808a1180+0x0000000000000144]
J 1055 c1 java.lang.ClassLoader.loadClass(Ljava/lang/String;)Ljava/lang/Class; java.base@15.0.1 (7 bytes) @ 0x000001fa8089ebe4 [0x000001fa8089eba0+0x0000000000000044]
v  ~StubRoutines::call_stub
J 1148  java.lang.ClassLoader.defineClass1(Ljava/lang/ClassLoader;Ljava/lang/String;[BIILjava/security/ProtectionDomain;Ljava/lang/String;)Ljava/lang/Class; java.base@15.0.1 (0 bytes) @ 0x000001fa808c787b [0x000001fa808c77c0+0x00000000000000bb]
J 1265 c1 java.lang.ClassLoader.defineClass(Ljava/lang/String;[BIILjava/security/ProtectionDomain;)Ljava/lang/Class; java.base@15.0.1 (43 bytes) @ 0x000001fa808f955c [0x000001fa808f9460+0x00000000000000fc]
J 1161 c1 jdk.internal.loader.BuiltinClassLoader.defineClass(Ljava/lang/String;Ljdk/internal/loader/Resource;)Ljava/lang/Class; java.base@15.0.1 (121 bytes) @ 0x000001fa808d023c [0x000001fa808cfda0+0x000000000000049c]
J 1152 c1 jdk.internal.loader.BuiltinClassLoader.findClassOnClassPathOrNull(Ljava/lang/String;)Ljava/lang/Class; java.base@15.0.1 (64 bytes) @ 0x000001fa808c8dec [0x000001fa808c8be0+0x000000000000020c]
J 943 c1 jdk.internal.loader.BuiltinClassLoader.loadClassOrNull(Ljava/lang/String;Z)Ljava/lang/Class; java.base@15.0.1 (143 bytes) @ 0x000001fa8086ec4c [0x000001fa8086e800+0x000000000000044c]
J 1062 c1 jdk.internal.loader.ClassLoaders$AppClassLoader.loadClass(Ljava/lang/String;Z)Ljava/lang/Class; java.base@15.0.1 (40 bytes) @ 0x000001fa808a12c4 [0x000001fa808a1180+0x0000000000000144]
J 1055 c1 java.lang.ClassLoader.loadClass(Ljava/lang/String;)Ljava/lang/Class; java.base@15.0.1 (7 bytes) @ 0x000001fa8089ebe4 [0x000001fa8089eba0+0x0000000000000044]
v  ~StubRoutines::call_stub
j  org.springframework.boot.autoconfigure.BackgroundPreinitializer$MessageConverterInitializer.run()V+0
j  org.springframework.boot.autoconfigure.BackgroundPreinitializer$1.runSafely(Ljava/lang/Runnable;)V+1
j  org.springframework.boot.autoconfigure.BackgroundPreinitializer$1.run()V+33
j  java.lang.Thread.run()V+11 java.base@15.0.1
v  ~StubRoutines::call_stub

siginfo: EXCEPTION_ACCESS_VIOLATION (0xc0000005), writing address 0x000000c50c9f0f70


Register to memory mapping:

RIP=0x00007ffd5e5f1613 jvm.dll
RAX=0x0000000000000001 is an unknown value
RBX=0x000000c50c9f0f70 is pointing into the stack for thread: 0x000001fa96c9ae20
RCX=0x0000000000001000 is an unknown value
RDX=0x0 is NULL
RSP=0x000000c50c9f7f70 is pointing into the stack for thread: 0x000001fa96c9ae20
RBP=0x000000c50c9f8070 is pointing into the stack for thread: 0x000001fa96c9ae20
RSI=0x000001fa96d186a8 points into unknown readable memory: 0x0000000088805568 | 68 55 80 88 00 00 00 00
RDI=0x000000c50c9f8210 is pointing into the stack for thread: 0x000001fa96c9ae20
R8 =0x000000c50c9f7f70 is pointing into the stack for thread: 0x000001fa96c9ae20
R9 =0x000001fa96c9ae20 is a thread
R10=0x000000c50c9f8140 is pointing into the stack for thread: 0x000001fa96c9ae20
R11=0x000000c50c9f82f8 is pointing into the stack for thread: 0x000001fa96c9ae20
R12=0x000000c50c9f8140 is pointing into the stack for thread: 0x000001fa96c9ae20
R13=0x000000000000000a is an unknown value
R14=0x000001fa96c9ae20 is a thread
R15=0x000000c50c9f82f8 is pointing into the stack for thread: 0x000001fa96c9ae20


Registers:
RAX=0x0000000000000001, RBX=0x000000c50c9f0f70, RCX=0x0000000000001000, RDX=0x0000000000000000
RSP=0x000000c50c9f7f70, RBP=0x000000c50c9f8070, RSI=0x000001fa96d186a8, RDI=0x000000c50c9f8210
R8 =0x000000c50c9f7f70, R9 =0x000001fa96c9ae20, R10=0x000000c50c9f8140, R11=0x000000c50c9f82f8
R12=0x000000c50c9f8140, R13=0x000000000000000a, R14=0x000001fa96c9ae20, R15=0x000000c50c9f82f8
RIP=0x00007ffd5e5f1613, EFLAGS=0x0000000000010202

Top of Stack: (sp=0x000000c50c9f7f70)
0x000000c50c9f7f70:   000000c50c9f7f70 000001fa96d186a8
0x000000c50c9f7f80:   0000000000000001 00007ffd5e86fb61
0x000000c50c9f7f90:   0000000000000001 0000000000000008
0x000000c50c9f7fa0:   000001fa97ec6460 00007ffd5e94d6e5
0x000000c50c9f7fb0:   0000939c4a4c6baa 0000000000000000
0x000000c50c9f7fc0:   000000010017a328 00000000822a8c60
0x000000c50c9f7fd0:   000000002c74590e 000001fa959b0180
0x000000c50c9f7fe0:   0000000100002cf8 000001fa96c9ae20
0x000000c50c9f7ff0:   000000c50c9f8150 00007ffd5e7c06c0
0x000000c50c9f8000:   0000000000000030 000001fa96d186a8
0x000000c50c9f8010:   000000c50c9f80d8 0000000000000000
0x000000c50c9f8020:   000000020c9f8270 000001fa80948a3c
0x000000c50c9f8030:   000001faff9828c0 000000000000000a
0x000000c50c9f8040:   000001fa96c9ae20 000000c50c9f83b8
0x000000c50c9f8050:   000001fa96d186a8 0000000000000000
0x000000c50c9f8060:   000000c50c9f8110 00007ffd9be6fde6 

Instructions: (pc=0x00007ffd5e5f1613)
0x00007ffd5e5f1513:   18 35 00 49 03 c8 ff e1 41 bd 0a 00 00 00 eb 4c
0x00007ffd5e5f1523:   41 bd 0b 00 00 00 c6 85 80 00 00 00 00 eb 57 41
0x00007ffd5e5f1533:   bd 06 00 00 00 c6 85 80 00 00 00 00 eb 48 41 bd
0x00007ffd5e5f1543:   07 00 00 00 c6 85 80 00 00 00 00 eb 39 ba b2 00
0x00007ffd5e5f1553:   00 00 48 8d 0d 7c 46 54 00 e8 8f 4b ec ff e8 da
0x00007ffd5e5f1563:   93 2d 00 41 8b 17 41 bd 63 00 00 00 83 fa 0c 74
0x00007ffd5e5f1573:   0e 83 fa 0d 74 09 c6 85 80 00 00 00 00 eb 07 c6
0x00007ffd5e5f1583:   85 80 00 00 00 01 49 8b 04 24 8b 40 20 c1 e8 03
0x00007ffd5e5f1593:   a8 01 75 0d 48 8b 47 58 48 8b 30 48 89 75 e0 eb
0x00007ffd5e5f15a3:   07 48 89 5d e8 48 8b f3 41 83 be e8 03 00 00 03
0x00007ffd5e5f15b3:   74 08 49 8b ce e8 13 2d 3f 00 e8 ee 96 2d 00 4c
0x00007ffd5e5f15c3:   8b c0 49 8b d4 49 8b ce 48 8b d8 e8 8d e6 2c 00
0x00007ffd5e5f15d3:   84 c0 75 1d 4d 8b cc 48 8d 15 f7 45 54 00 41 b8
0x00007ffd5e5f15e3:   91 01 00 00 49 8b ce e8 51 a7 f3 ff e9 1b 02 00
0x00007ffd5e5f15f3:   00 48 63 0d 25 6c 74 00 33 d2 48 8b 05 3c 17 77
0x00007ffd5e5f1603:   00 48 f7 f1 48 83 f8 01 72 0f 0f 1f 00 48 2b d9
0x00007ffd5e5f1613:   c6 03 00 48 83 e8 01 75 f4 4d 8b cf 4c 89 74 24
0x00007ffd5e5f1623:   20 4c 8b c6 48 8d 4c 24 40 49 8b d4 e8 bc fa ff
0x00007ffd5e5f1633:   ff 49 83 7e 08 00 0f 85 48 01 00 00 49 8b d6 48
0x00007ffd5e5f1643:   8d 4d f0 e8 75 31 fc ff 33 f6 39 77 68 0f 8e 95
0x00007ffd5e5f1653:   00 00 00 33 db 0f 1f 84 00 00 00 00 00 48 8b 47
0x00007ffd5e5f1663:   60 0f b6 0c 18 85 c9 74 71 48 8b 47 58 48 8b 14
0x00007ffd5e5f1673:   d8 83 e9 02 74 48 83 f9 01 74 1a ba e8 01 00 00
0x00007ffd5e5f1683:   48 8d 0d 4e 45 54 00 e8 61 4a ec ff e8 ac 92 2d
0x00007ffd5e5f1693:   00 33 c9 eb 35 33 c9 48 85 d2 74 2e f6 c2 01 74
0x00007ffd5e5f16a3:   0f 48 8d 4a ff ff 15 fa a0 6a 00 48 8b c8 eb 1a
0x00007ffd5e5f16b3:   48 8b ca ff 15 4c 29 6a 00 48 8b c8 eb 0c 48 85
0x00007ffd5e5f16c3:   d2 75 04 33 c9 eb 03 48 8b 0a 48 8b 47 58 48 89
0x00007ffd5e5f16d3:   0c d8 48 8b 47 60 c6 04 03 01 ff c6 48 ff c3 3b
0x00007ffd5e5f16e3:   77 68 0f 8c 75 ff ff ff 48 8b 47 78 48 8b 5f 58
0x00007ffd5e5f16f3:   48 85 c0 74 48 48 8b 10 33 c9 e8 5e 72 12 00 48
0x00007ffd5e5f1703:   85 c0 74 39 49 89 86 d8 03 00 00 49 8b 04 24 48 


Stack slot to memory mapping:
stack at sp + 0 slots: 0x000000c50c9f7f70 is pointing into the stack for thread: 0x000001fa96c9ae20
stack at sp + 1 slots: 0x000001fa96d186a8 points into unknown readable memory: 0x0000000088805568 | 68 55 80 88 00 00 00 00
stack at sp + 2 slots: 0x0000000000000001 is an unknown value
stack at sp + 3 slots: 0x00007ffd5e86fb61 jvm.dll
stack at sp + 4 slots: 0x0000000000000001 is an unknown value
stack at sp + 5 slots: 0x0000000000000008 is an unknown value
stack at sp + 6 slots: 0x000001fa97ec6460 is pointing into metadata
stack at sp + 7 slots: 0x00007ffd5e94d6e5 jvm.dll


---------------  P R O C E S S  ---------------

Threads class SMR info:
_java_thread_list=0x000001fa96cf20d0, length=18, elements={
0x000001fafa77f2f0, 0x000001faffb11290, 0x000001faffb13d80, 0x000001faffb8b230,
0x000001faffb8baf0, 0x000001faffb8d4c0, 0x000001faffb1d480, 0x000001faffbadf40,
0x000001faffc36480, 0x000001faffc342d0, 0x000001faffc35fb0, 0x000001faffc36950,
0x000001faffc36e20, 0x000001faffc35140, 0x000001faffc34c70, 0x000001faffc35ae0,
0x000001faffc377c0, 0x000001fa96c9ae20
}

Java Threads: ( => current thread )
  0x000001fafa77f2f0 JavaThread "main" [_thread_blocked, id=10352, stack(0x000000c50ac00000,0x000000c50ad00000)]
  0x000001faffb11290 JavaThread "Reference Handler" daemon [_thread_blocked, id=1576, stack(0x000000c50b300000,0x000000c50b400000)]
  0x000001faffb13d80 JavaThread "Finalizer" daemon [_thread_blocked, id=15332, stack(0x000000c50b400000,0x000000c50b500000)]
  0x000001faffb8b230 JavaThread "Signal Dispatcher" daemon [_thread_blocked, id=13308, stack(0x000000c50b500000,0x000000c50b600000)]
  0x000001faffb8baf0 JavaThread "Attach Listener" daemon [_thread_blocked, id=1092, stack(0x000000c50b600000,0x000000c50b700000)]
  0x000001faffb8d4c0 JavaThread "Service Thread" daemon [_thread_blocked, id=4512, stack(0x000000c50b700000,0x000000c50b800000)]
  0x000001faffb1d480 JavaThread "C1 CompilerThread0" daemon [_thread_blocked, id=1416, stack(0x000000c50b800000,0x000000c50b900000)]
  0x000001faffbadf40 JavaThread "Sweeper thread" daemon [_thread_blocked, id=10936, stack(0x000000c50b900000,0x000000c50ba00000)]
  0x000001faffc36480 JavaThread "Common-Cleaner" daemon [_thread_blocked, id=7308, stack(0x000000c50ba00000,0x000000c50bb00000)]
  0x000001faffc342d0 JavaThread "Notification Thread" daemon [_thread_blocked, id=15620, stack(0x000000c50bb00000,0x000000c50bc00000)]
  0x000001faffc35fb0 JavaThread "RMI TCP Accept-0" daemon [_thread_in_native, id=13912, stack(0x000000c50bc00000,0x000000c50bd00000)]
  0x000001faffc36950 JavaThread "RMI TCP Accept-58811" daemon [_thread_in_native, id=13528, stack(0x000000c50bd00000,0x000000c50be00000)]
  0x000001faffc36e20 JavaThread "RMI TCP Accept-0" daemon [_thread_in_native, id=9716, stack(0x000000c50be00000,0x000000c50bf00000)]
  0x000001faffc35140 JavaThread "RMI TCP Connection(1)-127.0.0.1" daemon [_thread_in_native, id=10040, stack(0x000000c50c000000,0x000000c50c100000)]
  0x000001faffc34c70 JavaThread "RMI Scheduler(0)" daemon [_thread_blocked, id=12780, stack(0x000000c50c100000,0x000000c50c200000)]
  0x000001faffc35ae0 JavaThread "RMI TCP Connection(2)-127.0.0.1" daemon [_thread_in_native, id=8948, stack(0x000000c50c200000,0x000000c50c300000)]
  0x000001faffc377c0 JavaThread "JMX server connection timeout 21" daemon [_thread_blocked, id=4028, stack(0x000000c50c800000,0x000000c50c900000)]
=>0x000001fa96c9ae20 JavaThread "background-preinit" [_thread_in_vm, id=7452, stack(0x000000c50c900000,0x000000c50ca00000)]

Other Threads:
  0x000001faffb2d2e0 VMThread "VM Thread" [stack: 0x000000c50b200000,0x000000c50b300000] [id=10152] _threads_hazard_ptr=0x000001fa96cf20d0
  0x000001fafa7801f0 WatcherThread [stack: 0x000000c50bf00000,0x000000c50c000000] [id=2312]
  0x000001fafa7bf900 GCTaskThread "GC Thread#0" [stack: 0x000000c50ad00000,0x000000c50ae00000] [id=12704]
  0x000001fa95a34bb0 GCTaskThread "GC Thread#1" [stack: 0x000000c50c300000,0x000000c50c400000] [id=5388]
  0x000001fa95a35ed0 GCTaskThread "GC Thread#2" [stack: 0x000000c50c400000,0x000000c50c500000] [id=12000]
  0x000001fafa7d1cd0 ConcurrentGCThread "G1 Main Marker" [stack: 0x000000c50ae00000,0x000000c50af00000] [id=5616]
  0x000001fafa7d27d0 ConcurrentGCThread "G1 Conc#0" [stack: 0x000000c50af00000,0x000000c50b000000] [id=14560]
  0x000001fafa84dfe0 ConcurrentGCThread "G1 Refine#0" [stack: 0x000000c50b000000,0x000000c50b100000] [id=15684]
  0x000001fa95e92480 ConcurrentGCThread "G1 Refine#1" [stack: 0x000000c50c500000,0x000000c50c600000] [id=11200]
  0x000001faffd88cb0 ConcurrentGCThread "G1 Refine#2" [stack: 0x000000c50c600000,0x000000c50c700000] [id=12664]
  0x000001fa95b516a0 ConcurrentGCThread "G1 Refine#3" [stack: 0x000000c50c700000,0x000000c50c800000] [id=2884]
  0x000001fafa84eaf0 ConcurrentGCThread "G1 Young RemSet Sampling" [stack: 0x000000c50b100000,0x000000c50b200000] [id=7892]

Threads with active compile tasks:

VM state: synchronizing (normal execution)

VM Mutex/Monitor currently owned by a thread:  ([mutex/lock_event])
[0x000001fafa77af40] Threads_lock - owner thread: 0x000001faffb2d2e0
[0x000001fafa77b4e0] Heap_lock - owner thread: 0x000001fafa77f2f0

Heap address: 0x0000000082200000, size: 2014 MB, Compressed Oops mode: 32-bit
CDS disabled.
Compressed class space mapped at: 0x0000000100000000-0x0000000140000000, size: 1073741824
Narrow klass base: 0x0000000000000000, Narrow klass shift: 3, Narrow klass range: 0x140000000

GC Precious Log:
 CPUs: 8 total, 8 available
 Memory: 8049M
 Large Page Support: Disabled
 NUMA Support: Disabled
 Compressed Oops: Enabled (32-bit)
 Heap Region Size: 1M
 Heap Min Capacity: 8M
 Heap Initial Capacity: 126M
 Heap Max Capacity: 2014M
 Pre-touch: Disabled
 Parallel Workers: 8
 Concurrent Workers: 2
 Concurrent Refinement Workers: 8
 Periodic GC: Disabled

Heap:
 garbage-first heap   total 129024K, used 19085K [0x0000000082200000, 0x0000000100000000)
  region size 1024K, 17 young (17408K), 3 survivors (3072K)
 Metaspace       used 19509K, capacity 19858K, committed 19968K, reserved 1069056K
  class space    used 2189K, capacity 2290K, committed 2304K, reserved 1048576K

Heap Regions: E=young(eden), S=young(survivor), O=old, HS=humongous(starts), HC=humongous(continues), CS=collection set, F=free, OA=open archive, CA=closed archive, TAMS=top-at-mark-start (previous, next)
|   0|0x0000000082200000, 0x0000000082300000, 0x0000000082300000|100%| O|  |TAMS 0x0000000082200000, 0x0000000082200000| Untracked 
|   1|0x0000000082300000, 0x0000000082400000, 0x0000000082400000|100%| O|  |TAMS 0x0000000082300000, 0x0000000082300000| Untracked 
|   2|0x0000000082400000, 0x00000000824a3400, 0x0000000082500000| 63%| O|  |TAMS 0x0000000082400000, 0x0000000082400000| Untracked 
|   3|0x0000000082500000, 0x0000000082500000, 0x0000000082600000|  0%| F|  |TAMS 0x0000000082500000, 0x0000000082500000| Untracked 
|   4|0x0000000082600000, 0x0000000082600000, 0x0000000082700000|  0%| F|  |TAMS 0x0000000082600000, 0x0000000082600000| Untracked 
|   5|0x0000000082700000, 0x0000000082700000, 0x0000000082800000|  0%| F|  |TAMS 0x0000000082700000, 0x0000000082700000| Untracked 
|   6|0x0000000082800000, 0x0000000082800000, 0x0000000082900000|  0%| F|  |TAMS 0x0000000082800000, 0x0000000082800000| Untracked 
|   7|0x0000000082900000, 0x0000000082900000, 0x0000000082a00000|  0%| F|  |TAMS 0x0000000082900000, 0x0000000082900000| Untracked 
|   8|0x0000000082a00000, 0x0000000082a00000, 0x0000000082b00000|  0%| F|  |TAMS 0x0000000082a00000, 0x0000000082a00000| Untracked 
|   9|0x0000000082b00000, 0x0000000082b00000, 0x0000000082c00000|  0%| F|  |TAMS 0x0000000082b00000, 0x0000000082b00000| Untracked 
|  10|0x0000000082c00000, 0x0000000082c00000, 0x0000000082d00000|  0%| F|  |TAMS 0x0000000082c00000, 0x0000000082c00000| Untracked 
|  11|0x0000000082d00000, 0x0000000082d00000, 0x0000000082e00000|  0%| F|  |TAMS 0x0000000082d00000, 0x0000000082d00000| Untracked 
|  12|0x0000000082e00000, 0x0000000082e00000, 0x0000000082f00000|  0%| F|  |TAMS 0x0000000082e00000, 0x0000000082e00000| Untracked 
|  13|0x0000000082f00000, 0x0000000082f00000, 0x0000000083000000|  0%| F|  |TAMS 0x0000000082f00000, 0x0000000082f00000| Untracked 
|  14|0x0000000083000000, 0x0000000083000000, 0x0000000083100000|  0%| F|  |TAMS 0x0000000083000000, 0x0000000083000000| Untracked 
|  15|0x0000000083100000, 0x0000000083100000, 0x0000000083200000|  0%| F|  |TAMS 0x0000000083100000, 0x0000000083100000| Untracked 
|  16|0x0000000083200000, 0x0000000083200000, 0x0000000083300000|  0%| F|  |TAMS 0x0000000083200000, 0x0000000083200000| Untracked 
|  17|0x0000000083300000, 0x0000000083300000, 0x0000000083400000|  0%| F|  |TAMS 0x0000000083300000, 0x0000000083300000| Untracked 
|  18|0x0000000083400000, 0x0000000083400000, 0x0000000083500000|  0%| F|  |TAMS 0x0000000083400000, 0x0000000083400000| Untracked 
|  19|0x0000000083500000, 0x0000000083500000, 0x0000000083600000|  0%| F|  |TAMS 0x0000000083500000, 0x0000000083500000| Untracked 
|  20|0x0000000083600000, 0x0000000083600000, 0x0000000083700000|  0%| F|  |TAMS 0x0000000083600000, 0x0000000083600000| Untracked 
|  21|0x0000000083700000, 0x0000000083700000, 0x0000000083800000|  0%| F|  |TAMS 0x0000000083700000, 0x0000000083700000| Untracked 
|  22|0x0000000083800000, 0x0000000083800000, 0x0000000083900000|  0%| F|  |TAMS 0x0000000083800000, 0x0000000083800000| Untracked 
|  23|0x0000000083900000, 0x0000000083900000, 0x0000000083a00000|  0%| F|  |TAMS 0x0000000083900000, 0x0000000083900000| Untracked 
|  24|0x0000000083a00000, 0x0000000083a00000, 0x0000000083b00000|  0%| F|  |TAMS 0x0000000083a00000, 0x0000000083a00000| Untracked 
|  25|0x0000000083b00000, 0x0000000083b00000, 0x0000000083c00000|  0%| F|  |TAMS 0x0000000083b00000, 0x0000000083b00000| Untracked 
|  26|0x0000000083c00000, 0x0000000083c00000, 0x0000000083d00000|  0%| F|  |TAMS 0x0000000083c00000, 0x0000000083c00000| Untracked 
|  27|0x0000000083d00000, 0x0000000083d00000, 0x0000000083e00000|  0%| F|  |TAMS 0x0000000083d00000, 0x0000000083d00000| Untracked 
|  28|0x0000000083e00000, 0x0000000083e00000, 0x0000000083f00000|  0%| F|  |TAMS 0x0000000083e00000, 0x0000000083e00000| Untracked 
|  29|0x0000000083f00000, 0x0000000083f00000, 0x0000000084000000|  0%| F|  |TAMS 0x0000000083f00000, 0x0000000083f00000| Untracked 
|  30|0x0000000084000000, 0x0000000084000000, 0x0000000084100000|  0%| F|  |TAMS 0x0000000084000000, 0x0000000084000000| Untracked 
|  31|0x0000000084100000, 0x0000000084100000, 0x0000000084200000|  0%| F|  |TAMS 0x0000000084100000, 0x0000000084100000| Untracked 
|  32|0x0000000084200000, 0x0000000084200000, 0x0000000084300000|  0%| F|  |TAMS 0x0000000084200000, 0x0000000084200000| Untracked 
|  33|0x0000000084300000, 0x0000000084300000, 0x0000000084400000|  0%| F|  |TAMS 0x0000000084300000, 0x0000000084300000| Untracked 
|  34|0x0000000084400000, 0x0000000084400000, 0x0000000084500000|  0%| F|  |TAMS 0x0000000084400000, 0x0000000084400000| Untracked 
|  35|0x0000000084500000, 0x0000000084500000, 0x0000000084600000|  0%| F|  |TAMS 0x0000000084500000, 0x0000000084500000| Untracked 
|  36|0x0000000084600000, 0x0000000084600000, 0x0000000084700000|  0%| F|  |TAMS 0x0000000084600000, 0x0000000084600000| Untracked 
|  37|0x0000000084700000, 0x0000000084700000, 0x0000000084800000|  0%| F|  |TAMS 0x0000000084700000, 0x0000000084700000| Untracked 
|  38|0x0000000084800000, 0x0000000084800000, 0x0000000084900000|  0%| F|  |TAMS 0x0000000084800000, 0x0000000084800000| Untracked 
|  39|0x0000000084900000, 0x0000000084900000, 0x0000000084a00000|  0%| F|  |TAMS 0x0000000084900000, 0x0000000084900000| Untracked 
|  40|0x0000000084a00000, 0x0000000084a00000, 0x0000000084b00000|  0%| F|  |TAMS 0x0000000084a00000, 0x0000000084a00000| Untracked 
|  41|0x0000000084b00000, 0x0000000084b00000, 0x0000000084c00000|  0%| F|  |TAMS 0x0000000084b00000, 0x0000000084b00000| Untracked 
|  42|0x0000000084c00000, 0x0000000084c00000, 0x0000000084d00000|  0%| F|  |TAMS 0x0000000084c00000, 0x0000000084c00000| Untracked 
|  43|0x0000000084d00000, 0x0000000084d00000, 0x0000000084e00000|  0%| F|  |TAMS 0x0000000084d00000, 0x0000000084d00000| Untracked 
|  44|0x0000000084e00000, 0x0000000084e00000, 0x0000000084f00000|  0%| F|  |TAMS 0x0000000084e00000, 0x0000000084e00000| Untracked 
|  45|0x0000000084f00000, 0x0000000084f00000, 0x0000000085000000|  0%| F|  |TAMS 0x0000000084f00000, 0x0000000084f00000| Untracked 
|  46|0x0000000085000000, 0x0000000085000000, 0x0000000085100000|  0%| F|  |TAMS 0x0000000085000000, 0x0000000085000000| Untracked 
|  47|0x0000000085100000, 0x0000000085100000, 0x0000000085200000|  0%| F|  |TAMS 0x0000000085100000, 0x0000000085100000| Untracked 
|  48|0x0000000085200000, 0x0000000085200000, 0x0000000085300000|  0%| F|  |TAMS 0x0000000085200000, 0x0000000085200000| Untracked 
|  49|0x0000000085300000, 0x0000000085300000, 0x0000000085400000|  0%| F|  |TAMS 0x0000000085300000, 0x0000000085300000| Untracked 
|  50|0x0000000085400000, 0x0000000085400000, 0x0000000085500000|  0%| F|  |TAMS 0x0000000085400000, 0x0000000085400000| Untracked 
|  51|0x0000000085500000, 0x0000000085500000, 0x0000000085600000|  0%| F|  |TAMS 0x0000000085500000, 0x0000000085500000| Untracked 
|  52|0x0000000085600000, 0x0000000085600000, 0x0000000085700000|  0%| F|  |TAMS 0x0000000085600000, 0x0000000085600000| Untracked 
|  53|0x0000000085700000, 0x0000000085700000, 0x0000000085800000|  0%| F|  |TAMS 0x0000000085700000, 0x0000000085700000| Untracked 
|  54|0x0000000085800000, 0x0000000085800000, 0x0000000085900000|  0%| F|  |TAMS 0x0000000085800000, 0x0000000085800000| Untracked 
|  55|0x0000000085900000, 0x0000000085900000, 0x0000000085a00000|  0%| F|  |TAMS 0x0000000085900000, 0x0000000085900000| Untracked 
|  56|0x0000000085a00000, 0x0000000085a00000, 0x0000000085b00000|  0%| F|  |TAMS 0x0000000085a00000, 0x0000000085a00000| Untracked 
|  57|0x0000000085b00000, 0x0000000085b00000, 0x0000000085c00000|  0%| F|  |TAMS 0x0000000085b00000, 0x0000000085b00000| Untracked 
|  58|0x0000000085c00000, 0x0000000085c00000, 0x0000000085d00000|  0%| F|  |TAMS 0x0000000085c00000, 0x0000000085c00000| Untracked 
|  59|0x0000000085d00000, 0x0000000085d00000, 0x0000000085e00000|  0%| F|  |TAMS 0x0000000085d00000, 0x0000000085d00000| Untracked 
|  60|0x0000000085e00000, 0x0000000085e00000, 0x0000000085f00000|  0%| F|  |TAMS 0x0000000085e00000, 0x0000000085e00000| Untracked 
|  61|0x0000000085f00000, 0x0000000085f00000, 0x0000000086000000|  0%| F|  |TAMS 0x0000000085f00000, 0x0000000085f00000| Untracked 
|  62|0x0000000086000000, 0x0000000086000000, 0x0000000086100000|  0%| F|  |TAMS 0x0000000086000000, 0x0000000086000000| Untracked 
|  63|0x0000000086100000, 0x0000000086100000, 0x0000000086200000|  0%| F|  |TAMS 0x0000000086100000, 0x0000000086100000| Untracked 
|  64|0x0000000086200000, 0x0000000086200000, 0x0000000086300000|  0%| F|  |TAMS 0x0000000086200000, 0x0000000086200000| Untracked 
|  65|0x0000000086300000, 0x0000000086300000, 0x0000000086400000|  0%| F|  |TAMS 0x0000000086300000, 0x0000000086300000| Untracked 
|  66|0x0000000086400000, 0x0000000086400000, 0x0000000086500000|  0%| F|  |TAMS 0x0000000086400000, 0x0000000086400000| Untracked 
|  67|0x0000000086500000, 0x0000000086500000, 0x0000000086600000|  0%| F|  |TAMS 0x0000000086500000, 0x0000000086500000| Untracked 
|  68|0x0000000086600000, 0x0000000086600000, 0x0000000086700000|  0%| F|  |TAMS 0x0000000086600000, 0x0000000086600000| Untracked 
|  69|0x0000000086700000, 0x0000000086700000, 0x0000000086800000|  0%| F|  |TAMS 0x0000000086700000, 0x0000000086700000| Untracked 
|  70|0x0000000086800000, 0x0000000086800000, 0x0000000086900000|  0%| F|  |TAMS 0x0000000086800000, 0x0000000086800000| Untracked 
|  71|0x0000000086900000, 0x0000000086900000, 0x0000000086a00000|  0%| F|  |TAMS 0x0000000086900000, 0x0000000086900000| Untracked 
|  72|0x0000000086a00000, 0x0000000086a00000, 0x0000000086b00000|  0%| F|  |TAMS 0x0000000086a00000, 0x0000000086a00000| Untracked 
|  73|0x0000000086b00000, 0x0000000086b00000, 0x0000000086c00000|  0%| F|  |TAMS 0x0000000086b00000, 0x0000000086b00000| Untracked 
|  74|0x0000000086c00000, 0x0000000086c00000, 0x0000000086d00000|  0%| F|  |TAMS 0x0000000086c00000, 0x0000000086c00000| Untracked 
|  75|0x0000000086d00000, 0x0000000086d00000, 0x0000000086e00000|  0%| F|  |TAMS 0x0000000086d00000, 0x0000000086d00000| Untracked 
|  76|0x0000000086e00000, 0x0000000086e00000, 0x0000000086f00000|  0%| F|  |TAMS 0x0000000086e00000, 0x0000000086e00000| Untracked 
|  77|0x0000000086f00000, 0x0000000086f00000, 0x0000000087000000|  0%| F|  |TAMS 0x0000000086f00000, 0x0000000086f00000| Untracked 
|  78|0x0000000087000000, 0x0000000087000000, 0x0000000087100000|  0%| F|  |TAMS 0x0000000087000000, 0x0000000087000000| Untracked 
|  79|0x0000000087100000, 0x0000000087100000, 0x0000000087200000|  0%| F|  |TAMS 0x0000000087100000, 0x0000000087100000| Untracked 
|  80|0x0000000087200000, 0x0000000087200000, 0x0000000087300000|  0%| F|  |TAMS 0x0000000087200000, 0x0000000087200000| Untracked 
|  81|0x0000000087300000, 0x0000000087300000, 0x0000000087400000|  0%| F|  |TAMS 0x0000000087300000, 0x0000000087300000| Untracked 
|  82|0x0000000087400000, 0x0000000087400000, 0x0000000087500000|  0%| F|  |TAMS 0x0000000087400000, 0x0000000087400000| Untracked 
|  83|0x0000000087500000, 0x0000000087500000, 0x0000000087600000|  0%| F|  |TAMS 0x0000000087500000, 0x0000000087500000| Untracked 
|  84|0x0000000087600000, 0x0000000087600000, 0x0000000087700000|  0%| F|  |TAMS 0x0000000087600000, 0x0000000087600000| Untracked 
|  85|0x0000000087700000, 0x0000000087700000, 0x0000000087800000|  0%| F|  |TAMS 0x0000000087700000, 0x0000000087700000| Untracked 
|  86|0x0000000087800000, 0x0000000087800000, 0x0000000087900000|  0%| F|  |TAMS 0x0000000087800000, 0x0000000087800000| Untracked 
|  87|0x0000000087900000, 0x0000000087900000, 0x0000000087a00000|  0%| F|  |TAMS 0x0000000087900000, 0x0000000087900000| Untracked 
|  88|0x0000000087a00000, 0x0000000087a00000, 0x0000000087b00000|  0%| F|  |TAMS 0x0000000087a00000, 0x0000000087a00000| Untracked 
|  89|0x0000000087b00000, 0x0000000087b00000, 0x0000000087c00000|  0%| F|  |TAMS 0x0000000087b00000, 0x0000000087b00000| Untracked 
|  90|0x0000000087c00000, 0x0000000087c00000, 0x0000000087d00000|  0%| F|  |TAMS 0x0000000087c00000, 0x0000000087c00000| Untracked 
|  91|0x0000000087d00000, 0x0000000087d00000, 0x0000000087e00000|  0%| F|  |TAMS 0x0000000087d00000, 0x0000000087d00000| Untracked 
|  92|0x0000000087e00000, 0x0000000087e00000, 0x0000000087f00000|  0%| F|  |TAMS 0x0000000087e00000, 0x0000000087e00000| Untracked 
|  93|0x0000000087f00000, 0x0000000087f00000, 0x0000000088000000|  0%| F|  |TAMS 0x0000000087f00000, 0x0000000087f00000| Untracked 
|  94|0x0000000088000000, 0x0000000088000000, 0x0000000088100000|  0%| F|  |TAMS 0x0000000088000000, 0x0000000088000000| Untracked 
|  95|0x0000000088100000, 0x0000000088100000, 0x0000000088200000|  0%| F|  |TAMS 0x0000000088100000, 0x0000000088100000| Untracked 
|  96|0x0000000088200000, 0x0000000088200000, 0x0000000088300000|  0%| F|  |TAMS 0x0000000088200000, 0x0000000088200000| Untracked 
|  97|0x0000000088300000, 0x0000000088300000, 0x0000000088400000|  0%| F|  |TAMS 0x0000000088300000, 0x0000000088300000| Untracked 
|  98|0x0000000088400000, 0x0000000088400000, 0x0000000088500000|  0%| F|  |TAMS 0x0000000088400000, 0x0000000088400000| Untracked 
|  99|0x0000000088500000, 0x0000000088500000, 0x0000000088600000|  0%| F|  |TAMS 0x0000000088500000, 0x0000000088500000| Untracked 
| 100|0x0000000088600000, 0x0000000088700000, 0x0000000088700000|100%| S|CS|TAMS 0x0000000088600000, 0x0000000088600000| Complete 
| 101|0x0000000088700000, 0x0000000088800000, 0x0000000088800000|100%| S|CS|TAMS 0x0000000088700000, 0x0000000088700000| Complete 
| 102|0x0000000088800000, 0x0000000088900000, 0x0000000088900000|100%| S|CS|TAMS 0x0000000088800000, 0x0000000088800000| Complete 
| 103|0x0000000088900000, 0x0000000088900000, 0x0000000088a00000|  0%| F|  |TAMS 0x0000000088900000, 0x0000000088900000| Untracked 
| 104|0x0000000088a00000, 0x0000000088a00000, 0x0000000088b00000|  0%| F|  |TAMS 0x0000000088a00000, 0x0000000088a00000| Untracked 
| 105|0x0000000088b00000, 0x0000000088b00000, 0x0000000088c00000|  0%| F|  |TAMS 0x0000000088b00000, 0x0000000088b00000| Untracked 
| 106|0x0000000088c00000, 0x0000000088c00000, 0x0000000088d00000|  0%| F|  |TAMS 0x0000000088c00000, 0x0000000088c00000| Untracked 
| 107|0x0000000088d00000, 0x0000000088d00000, 0x0000000088e00000|  0%| F|  |TAMS 0x0000000088d00000, 0x0000000088d00000| Untracked 
| 108|0x0000000088e00000, 0x0000000088e00000, 0x0000000088f00000|  0%| F|  |TAMS 0x0000000088e00000, 0x0000000088e00000| Untracked 
| 109|0x0000000088f00000, 0x0000000088f00000, 0x0000000089000000|  0%| F|  |TAMS 0x0000000088f00000, 0x0000000088f00000| Untracked 
| 110|0x0000000089000000, 0x0000000089000000, 0x0000000089100000|  0%| F|  |TAMS 0x0000000089000000, 0x0000000089000000| Untracked 
| 111|0x0000000089100000, 0x0000000089100000, 0x0000000089200000|  0%| F|  |TAMS 0x0000000089100000, 0x0000000089100000| Untracked 
| 112|0x0000000089200000, 0x000000008922c0c8, 0x0000000089300000| 17%| E|  |TAMS 0x0000000089200000, 0x0000000089200000| Complete 
| 113|0x0000000089300000, 0x0000000089400000, 0x0000000089400000|100%| E|CS|TAMS 0x0000000089300000, 0x0000000089300000| Complete 
| 114|0x0000000089400000, 0x0000000089500000, 0x0000000089500000|100%| E|CS|TAMS 0x0000000089400000, 0x0000000089400000| Complete 
| 115|0x0000000089500000, 0x0000000089600000, 0x0000000089600000|100%| E|CS|TAMS 0x0000000089500000, 0x0000000089500000| Complete 
| 116|0x0000000089600000, 0x0000000089700000, 0x0000000089700000|100%| E|CS|TAMS 0x0000000089600000, 0x0000000089600000| Complete 
| 117|0x0000000089700000, 0x0000000089800000, 0x0000000089800000|100%| E|CS|TAMS 0x0000000089700000, 0x0000000089700000| Complete 
| 118|0x0000000089800000, 0x0000000089900000, 0x0000000089900000|100%| E|CS|TAMS 0x0000000089800000, 0x0000000089800000| Complete 
| 119|0x0000000089900000, 0x0000000089a00000, 0x0000000089a00000|100%| E|CS|TAMS 0x0000000089900000, 0x0000000089900000| Complete 
| 120|0x0000000089a00000, 0x0000000089b00000, 0x0000000089b00000|100%| E|CS|TAMS 0x0000000089a00000, 0x0000000089a00000| Complete 
| 121|0x0000000089b00000, 0x0000000089c00000, 0x0000000089c00000|100%| E|CS|TAMS 0x0000000089b00000, 0x0000000089b00000| Complete 
| 122|0x0000000089c00000, 0x0000000089d00000, 0x0000000089d00000|100%| E|CS|TAMS 0x0000000089c00000, 0x0000000089c00000| Complete 
| 123|0x0000000089d00000, 0x0000000089e00000, 0x0000000089e00000|100%| E|CS|TAMS 0x0000000089d00000, 0x0000000089d00000| Complete 
| 124|0x0000000089e00000, 0x0000000089f00000, 0x0000000089f00000|100%| E|CS|TAMS 0x0000000089e00000, 0x0000000089e00000| Complete 
| 125|0x0000000089f00000, 0x000000008a000000, 0x000000008a000000|100%| E|CS|TAMS 0x0000000089f00000, 0x0000000089f00000| Complete 

Card table byte_map: [0x000001fafe8b0000,0x000001fafeca0000] _byte_map_base: 0x000001fafe49f000

Marking Bits (Prev, Next): (CMBitMap*) 0x000001fafa7c1010, (CMBitMap*) 0x000001fafa7c1050
 Prev Bits: [0x000001fa8f000000, 0x000001fa90f78000)
 Next Bits: [0x000001fa90f80000, 0x000001fa92ef8000)

Polling page: 0x000001faf8760000

Metaspace:

Usage:
  Non-class:     17.16 MB capacity,    16.91 MB ( 99%) used,   217.80 KB (  1%) free+waste,    30.00 KB ( <1%) overhead. 
      Class:      2.24 MB capacity,     2.14 MB ( 96%) used,    88.26 KB (  4%) free+waste,    12.00 KB ( <1%) overhead. 
       Both:     19.39 MB capacity,    19.05 MB ( 98%) used,   306.05 KB (  2%) free+waste,    42.00 KB ( <1%) overhead. 

Virtual space:
  Non-class space:       20.00 MB reserved,      17.25 MB ( 86%) committed 
      Class space:        1.00 GB reserved,       2.25 MB ( <1%) committed 
             Both:        1.02 GB reserved,      19.50 MB (  2%) committed 

Chunk freelists:
   Non-Class:  32.00 KB
       Class:  14.00 KB
        Both:  46.00 KB

MaxMetaspaceSize: 17179869184.00 GB
CompressedClassSpaceSize: 1.00 GB

CodeHeap 'non-profiled nmethods': size=238336Kb used=2524Kb max_used=2524Kb free=235811Kb
 bounds [0x000001fa80740000, 0x000001fa809c0000, 0x000001fa8f000000]
CodeHeap 'non-nmethods': size=7424Kb used=1183Kb max_used=1183Kb free=6240Kb
 bounds [0x000001fa80000000, 0x000001fa80270000, 0x000001fa80740000]
 total_blobs=2222 nmethods=1777 adapters=372
 compilation: enabled
              stopped_count=0, restarted_count=0
 full_count=0

Compilation events (20 events):
Event: 1.302 Thread 0x000001faffb1d480 1769       1       java.util.stream.Sink::end (1 bytes)
Event: 1.303 Thread 0x000001faffb1d480 nmethod 1769 0x000001fa809b3e10 code [0x000001fa809b3fa0, 0x000001fa809b4058]
Event: 1.303 Thread 0x000001faffb1d480 1761   !   1       org.springframework.boot.context.properties.source.SpringIterableConfigurationPropertySource$Mappings::updateMappings (46 bytes)
Event: 1.303 Thread 0x000001faffb1d480 nmethod 1761 0x000001fa809b4110 code [0x000001fa809b42c0, 0x000001fa809b4498]
Event: 1.303 Thread 0x000001faffb1d480 1762       1       org.springframework.boot.context.properties.source.SpringIterableConfigurationPropertySource$$Lambda$179/0x00000001001e6dc8::get (8 bytes)
Event: 1.303 Thread 0x000001faffb1d480 nmethod 1762 0x000001fa809b4610 code [0x000001fa809b47a0, 0x000001fa809b4888]
Event: 1.303 Thread 0x000001faffb1d480 1766       1       org.springframework.boot.context.properties.source.ConfigurationPropertyName$ElementsParser::<init> (9 bytes)
Event: 1.303 Thread 0x000001faffb1d480 nmethod 1766 0x000001fa809b4910 code [0x000001fa809b4aa0, 0x000001fa809b4b88]
Event: 1.306 Thread 0x000001faffb1d480 1771   !   1       jdk.internal.loader.BuiltinClassLoader$2::run (114 bytes)
Event: 1.306 Thread 0x000001faffb1d480 nmethod 1771 0x000001fa809b5110 code [0x000001fa809b5340, 0x000001fa809b57b8]
Event: 1.306 Thread 0x000001faffb1d480 1772  s    1       java.lang.Throwable::fillInStackTrace (29 bytes)
Event: 1.306 Thread 0x000001faffb1d480 nmethod 1772 0x000001fa809b5a90 code [0x000001fa809b5c40, 0x000001fa809b5e48]
Event: 1.307 Thread 0x000001faffb1d480 1774       1       java.io.BufferedWriter::ensureOpen (18 bytes)
Event: 1.307 Thread 0x000001faffb1d480 nmethod 1774 0x000001fa809b5f10 code [0x000001fa809b60c0, 0x000001fa809b6228]
Event: 1.307 Thread 0x000001faffb1d480 1775       1       java.io.BufferedWriter::min (9 bytes)
Event: 1.308 Thread 0x000001faffb1d480 nmethod 1775 0x000001fa809b6310 code [0x000001fa809b64a0, 0x000001fa809b6578]
Event: 1.308 Thread 0x000001faffb1d480 1777   !   1       java.io.BufferedWriter::write (117 bytes)
Event: 1.308 Thread 0x000001faffb1d480 nmethod 1777 0x000001fa809b6610 code [0x000001fa809b67e0, 0x000001fa809b6b48]
Event: 1.308 Thread 0x000001faffb1d480 1776       1       java.io.Writer::write (11 bytes)
Event: 1.308 Thread 0x000001faffb1d480 nmethod 1776 0x000001fa809b6e10 code [0x000001fa809b6fa0, 0x000001fa809b70a8]

GC Heap History (2 events):
Event: 1.035 GC heap before
{Heap before GC invocations=0 (full 0):
 garbage-first heap   total 129024K, used 22528K [0x0000000082200000, 0x0000000100000000)
  region size 1024K, 23 young (23552K), 0 survivors (0K)
 Metaspace       used 16286K, capacity 16518K, committed 16640K, reserved 1064960K
  class space    used 1701K, capacity 1790K, committed 1792K, reserved 1048576K
}
Event: 1.041 GC heap after
{Heap after GC invocations=1 (full 0):
 garbage-first heap   total 129024K, used 5773K [0x0000000082200000, 0x0000000100000000)
  region size 1024K, 3 young (3072K), 3 survivors (3072K)
 Metaspace       used 16286K, capacity 16518K, committed 16640K, reserved 1064960K
  class space    used 1701K, capacity 1790K, committed 1792K, reserved 1048576K
}

Deoptimization events (0 events):
No events

Classes unloaded (0 events):
No events

Classes redefined (0 events):
No events

Internal exceptions (20 events):
Event: 1.095 Thread 0x000001fafa77f2f0 Exception <a 'java/lang/NoSuchMethodError'{0x0000000089c280f0}: 'java.lang.Object java.lang.invoke.Invokers$Holder.invokeExact_MT(java.lang.Object, java.lang.Object, java.lang.Object, java.lang.Object, java.lang.Object, java.lang.Object)'> (0x0000000089c280f0) 
thrown [./open/src/hotspot/share/interpreter/linkResolver.cpp, line 782]
Event: 1.098 Thread 0x000001fafa77f2f0 Exception <a 'java/lang/NoSuchMethodError'{0x0000000089c3e350}: 'java.lang.Object java.lang.invoke.DirectMethodHandle$Holder.invokeInterface(java.lang.Object, java.lang.Object, java.lang.Object)'> (0x0000000089c3e350) 
thrown [./open/src/hotspot/share/interpreter/linkResolver.cpp, line 782]
Event: 1.098 Thread 0x000001fafa77f2f0 Exception <a 'java/lang/IncompatibleClassChangeError'{0x0000000089c41be8}: Found class java.lang.Object, but interface was expected> (0x0000000089c41be8) 
thrown [./open/src/hotspot/share/interpreter/linkResolver.cpp, line 848]
Event: 1.122 Thread 0x000001fafa77f2f0 Exception <a 'java/lang/NoSuchMethodError'{0x0000000089b0e490}: 'int java.lang.invoke.DirectMethodHandle$Holder.invokeSpecial(java.lang.Object, java.lang.Object, java.lang.Object, java.lang.Object)'> (0x0000000089b0e490) 
thrown [./open/src/hotspot/share/interpreter/linkResolver.cpp, line 782]
Event: 1.142 Thread 0x000001fafa77f2f0 Exception <a 'java/lang/NoSuchMethodError'{0x0000000089a84ee0}: 'java.lang.Object java.lang.invoke.DirectMethodHandle$Holder.newInvokeSpecial(java.lang.Object, java.lang.Object, java.lang.Object, java.lang.Object, java.lang.Object, java.lang.Object)'> (0x0000000089a84ee0) 
thrown [./open/src/hotspot/share/interpreter/linkResolver.cpp, line 782]
Event: 1.153 Thread 0x000001fafa77f2f0 Exception <a 'java/lang/NoSuchMethodError'{0x000000008992fab0}: 'java.lang.Object java.lang.invoke.DirectMethodHandle$Holder.invokeSpecial(java.lang.Object, java.lang.Object, java.lang.Object, java.lang.Object, java.lang.Object, java.lang.Object, int)'> (0x000000008992fab0) 
thrown [./open/src/hotspot/share/interpreter/linkResolver.cpp, line 782]
Event: 1.154 Thread 0x000001fafa77f2f0 Exception <a 'java/lang/NoSuchMethodError'{0x000000008993b120}: 'java.lang.Object java.lang.invoke.DirectMethodHandle$Holder.newInvokeSpecial(java.lang.Object, java.lang.Object, java.lang.Object, java.lang.Object, java.lang.Object, java.lang.Object, int)'> (0x000000008993b120) 
thrown [./open/src/hotspot/share/interpreter/linkResolver.cpp, line 782]
Event: 1.154 Thread 0x000001fafa77f2f0 Exception <a 'java/lang/NoSuchMethodError'{0x00000000899432f8}: 'java.lang.Object java.lang.invoke.DirectMethodHandle$Holder.invokeSpecial(java.lang.Object, java.lang.Object, java.lang.Object, java.lang.Object, java.lang.Object, java.lang.Object, java.lang.Object, int)'> (0x00000000899432f8) 
thrown [./open/src/hotspot/share/interpreter/linkResolver.cpp, line 782]
Event: 1.203 Thread 0x000001fafa77f2f0 Exception <a 'java/lang/NoSuchMethodError'{0x0000000089746290}: 'java.lang.Object java.lang.invoke.DirectMethodHandle$Holder.invokeSpecial(java.lang.Object, java.lang.Object, java.lang.Object, java.lang.Object, int)'> (0x0000000089746290) 
thrown [./open/src/hotspot/share/interpreter/linkResolver.cpp, line 782]
Event: 1.204 Thread 0x000001fafa77f2f0 Exception <a 'java/lang/NoSuchMethodError'{0x000000008974f148}: 'java.lang.Object java.lang.invoke.DirectMethodHandle$Holder.newInvokeSpecial(java.lang.Object, java.lang.Object, java.lang.Object, java.lang.Object, int)'> (0x000000008974f148) 
thrown [./open/src/hotspot/share/interpreter/linkResolver.cpp, line 782]
Event: 1.204 Thread 0x000001fafa77f2f0 Exception <a 'java/lang/NoSuchMethodError'{0x00000000897534a0}: 'java.lang.Object java.lang.invoke.DirectMethodHandle$Holder.invokeSpecial(java.lang.Object, java.lang.Object, java.lang.Object, java.lang.Object, java.lang.Object, int)'> (0x00000000897534a0) 
thrown [./open/src/hotspot/share/interpreter/linkResolver.cpp, line 782]
Event: 1.204 Thread 0x000001fafa77f2f0 Exception <a 'java/lang/NoSuchMethodError'{0x0000000089757188}: 'java.lang.Object java.lang.invoke.Invokers$Holder.linkToTargetMethod(java.lang.Object, java.lang.Object, java.lang.Object, int, java.lang.Object)'> (0x0000000089757188) 
thrown [./open/src/hotspot/share/interpreter/linkResolver.cpp, line 782]
Event: 1.206 Thread 0x000001fafa77f2f0 Exception <a 'java/lang/NoSuchMethodError'{0x0000000089767210}: 'java.lang.Object java.lang.invoke.DirectMethodHandle$Holder.newInvokeSpecial(java.lang.Object, int, java.lang.Object)'> (0x0000000089767210) 
thrown [./open/src/hotspot/share/interpreter/linkResolver.cpp, line 782]
Event: 1.206 Thread 0x000001fafa77f2f0 Exception <a 'java/lang/NoSuchMethodError'{0x000000008976b3e8}: 'int java.lang.invoke.DirectMethodHandle$Holder.invokeSpecialIFC(java.lang.Object, java.lang.Object, java.lang.Object, java.lang.Object)'> (0x000000008976b3e8) 
thrown [./open/src/hotspot/share/interpreter/linkResolver.cpp, line 782]
Event: 1.228 Thread 0x000001fafa77f2f0 Exception <a 'java/lang/NoSuchMethodError'{0x000000008961f878}: 'void java.lang.invoke.DirectMethodHandle$Holder.invokeInterface(java.lang.Object, java.lang.Object, java.lang.Object)'> (0x000000008961f878) 
thrown [./open/src/hotspot/share/interpreter/linkResolver.cpp, line 782]
Event: 1.252 Thread 0x000001fafa77f2f0 Exception <a 'java/lang/NoSuchMethodError'{0x000000008953b390}: 'void java.lang.invoke.DirectMethodHandle$Holder.invokeStatic(java.lang.Object, java.lang.Object, int)'> (0x000000008953b390) 
thrown [./open/src/hotspot/share/interpreter/linkResolver.cpp, line 782]
Event: 1.255 Thread 0x000001fafa77f2f0 Exception <a 'java/lang/NoSuchMethodError'{0x000000008954ef30}: 'void java.lang.invoke.DirectMethodHandle$Holder.invokeStaticInit(java.lang.Object, java.lang.Object, java.lang.Object)'> (0x000000008954ef30) 
thrown [./open/src/hotspot/share/interpreter/linkResolver.cpp, line 782]
Event: 1.272 Thread 0x000001fafa77f2f0 Exception <a 'java/lang/NoSuchMethodError'{0x00000000895b6a48}: 'void java.lang.invoke.DirectMethodHandle$Holder.invokeVirtual(java.lang.Object, java.lang.Object, java.lang.Object, java.lang.Object)'> (0x00000000895b6a48) 
thrown [./open/src/hotspot/share/interpreter/linkResolver.cpp, line 782]
Event: 1.295 Thread 0x000001fafa77f2f0 Exception <a 'java/lang/NoSuchMethodError'{0x000000008930a090}: 'void java.lang.invoke.DirectMethodHandle$Holder.invokeSpecial(java.lang.Object, java.lang.Object, java.lang.Object, java.lang.Object, java.lang.Object)'> (0x000000008930a090) 
thrown [./open/src/hotspot/share/interpreter/linkResolver.cpp, line 782]
Event: 1.298 Thread 0x000001fa96c9ae20 Exception <a 'java/lang/NoClassDefFoundError'{0x0000000089396fa0}: javax/validation/Validation> (0x0000000089396fa0) 
thrown [./open/src/hotspot/share/classfile/systemDictionary.cpp, line 284]

Events (20 events):
Event: 1.252 loading class java/util/stream/IntPipeline$4
Event: 1.252 loading class java/util/stream/IntPipeline$4 done
Event: 1.253 loading class java/util/stream/ForEachOps$ForEachOp$OfInt
Event: 1.253 loading class java/util/stream/ForEachOps$ForEachOp$OfInt done
Event: 1.253 loading class java/util/stream/IntPipeline$4$1
Event: 1.253 loading class java/util/stream/IntPipeline$4$1 done
Event: 1.253 loading class java/util/RegularEnumSet$EnumSetIterator
Event: 1.253 loading class java/util/RegularEnumSet$EnumSetIterator done
Event: 1.256 loading class java/nio/file/attribute/PosixFilePermission
Event: 1.256 loading class java/nio/file/attribute/PosixFilePermission done
Event: 1.259 loading class java/util/stream/ReduceOps$2
Event: 1.259 loading class java/util/stream/ReduceOps$2 done
Event: 1.259 loading class java/util/stream/ReduceOps$2ReducingSink
Event: 1.259 loading class java/util/stream/ReduceOps$2ReducingSink done
Event: 1.278 loading class java/util/Stack
Event: 1.279 loading class java/util/Stack done
Event: 1.279 loading class java/util/Vector$Itr
Event: 1.279 loading class java/util/Vector$Itr done
Event: 1.296 Thread 0x000001fa96c9ae20 Thread added: 0x000001fa96c9ae20
Event: 1.297 Loaded shared library C:\Users\c\Documents\tools\sts-4.9.0.RELEASE\plugins\org.eclipse.justj.openjdk.hotspot.jre.full.win32.x86_64_15.0.1.v20201027-0507\jre\bin\java.dll


Dynamic libraries:
0x00007ff62b8b0000 - 0x00007ff62b8bd000 	C:\Users\c\Documents\tools\sts-4.9.0.RELEASE\plugins\org.eclipse.justj.openjdk.hotspot.jre.full.win32.x86_64_15.0.1.v20201027-0507\jre\bin\javaw.exe
0x00007ffd9e3f0000 - 0x00007ffd9e5e5000 	C:\WINDOWS\SYSTEM32\ntdll.dll
0x00007ffd9cb00000 - 0x00007ffd9cbbd000 	C:\WINDOWS\System32\KERNEL32.DLL
0x00007ffd9bb30000 - 0x00007ffd9bdf8000 	C:\WINDOWS\System32\KERNELBASE.dll
0x00007ffd9be60000 - 0x00007ffd9bf60000 	C:\WINDOWS\System32\ucrtbase.dll
0x00007ffd8dd40000 - 0x00007ffd8dd59000 	C:\Users\c\Documents\tools\sts-4.9.0.RELEASE\plugins\org.eclipse.justj.openjdk.hotspot.jre.full.win32.x86_64_15.0.1.v20201027-0507\jre\bin\VCRUNTIME140.dll
0x00007ffd92c80000 - 0x00007ffd92c98000 	C:\Users\c\Documents\tools\sts-4.9.0.RELEASE\plugins\org.eclipse.justj.openjdk.hotspot.jre.full.win32.x86_64_15.0.1.v20201027-0507\jre\bin\jli.dll
0x00007ffd9e1a0000 - 0x00007ffd9e340000 	C:\WINDOWS\System32\USER32.dll
0x00007ffd9c2d0000 - 0x00007ffd9c2f2000 	C:\WINDOWS\System32\win32u.dll
0x00007ffd88a60000 - 0x00007ffd88cfa000 	C:\WINDOWS\WinSxS\amd64_microsoft.windows.common-controls_6595b64144ccf1df_6.0.19041.844_none_ca00b6081b84eb1d\COMCTL32.dll
0x00007ffd9d1c0000 - 0x00007ffd9d1ea000 	C:\WINDOWS\System32\GDI32.dll
0x00007ffd9d120000 - 0x00007ffd9d1be000 	C:\WINDOWS\System32\msvcrt.dll
0x00007ffd9bfb0000 - 0x00007ffd9c0bb000 	C:\WINDOWS\System32\gdi32full.dll
0x00007ffd9c300000 - 0x00007ffd9c39d000 	C:\WINDOWS\System32\msvcp_win.dll
0x00007ffd9c9a0000 - 0x00007ffd9c9d0000 	C:\WINDOWS\System32\IMM32.DLL
0x00007ffd90dd0000 - 0x00007ffd90ddc000 	C:\Users\c\Documents\tools\sts-4.9.0.RELEASE\plugins\org.eclipse.justj.openjdk.hotspot.jre.full.win32.x86_64_15.0.1.v20201027-0507\jre\bin\vcruntime140_1.dll
0x00007ffd7f540000 - 0x00007ffd7f5d1000 	C:\Users\c\Documents\tools\sts-4.9.0.RELEASE\plugins\org.eclipse.justj.openjdk.hotspot.jre.full.win32.x86_64_15.0.1.v20201027-0507\jre\bin\msvcp140.dll
0x00007ffd5e2a0000 - 0x00007ffd5edfe000 	C:\Users\c\Documents\tools\sts-4.9.0.RELEASE\plugins\org.eclipse.justj.openjdk.hotspot.jre.full.win32.x86_64_15.0.1.v20201027-0507\jre\bin\server\jvm.dll
0x00007ffd9d250000 - 0x00007ffd9d2fc000 	C:\WINDOWS\System32\ADVAPI32.dll
0x00007ffd9c7d0000 - 0x00007ffd9c86b000 	C:\WINDOWS\System32\sechost.dll
0x00007ffd9c870000 - 0x00007ffd9c99b000 	C:\WINDOWS\System32\RPCRT4.dll
0x00007ffd9c6f0000 - 0x00007ffd9c6f8000 	C:\WINDOWS\System32\PSAPI.DLL
0x00007ffd7a330000 - 0x00007ffd7a339000 	C:\WINDOWS\SYSTEM32\WSOCK32.dll
0x00007ffd8de90000 - 0x00007ffd8de9a000 	C:\WINDOWS\SYSTEM32\VERSION.dll
0x00007ffd86130000 - 0x00007ffd86157000 	C:\WINDOWS\SYSTEM32\WINMM.dll
0x00007ffd9d040000 - 0x00007ffd9d0ab000 	C:\WINDOWS\System32\WS2_32.dll
0x00007ffd9a400000 - 0x00007ffd9a412000 	C:\WINDOWS\SYSTEM32\kernel.appcore.dll
0x00007ffd92db0000 - 0x00007ffd92dba000 	C:\Users\c\Documents\tools\sts-4.9.0.RELEASE\plugins\org.eclipse.justj.openjdk.hotspot.jre.full.win32.x86_64_15.0.1.v20201027-0507\jre\bin\jimage.dll
0x00007ffd9a110000 - 0x00007ffd9a2f4000 	C:\WINDOWS\SYSTEM32\DBGHELP.DLL
0x00007ffd885e0000 - 0x00007ffd8860c000 	C:\WINDOWS\SYSTEM32\dbgcore.DLL
0x00007ffd9c3a0000 - 0x00007ffd9c420000 	C:\WINDOWS\System32\bcryptPrimitives.dll
0x00007ffd90b50000 - 0x00007ffd90b75000 	C:\Users\c\Documents\tools\sts-4.9.0.RELEASE\plugins\org.eclipse.justj.openjdk.hotspot.jre.full.win32.x86_64_15.0.1.v20201027-0507\jre\bin\java.dll
0x00007ffd92c10000 - 0x00007ffd92c28000 	C:\Users\c\Documents\tools\sts-4.9.0.RELEASE\plugins\org.eclipse.justj.openjdk.hotspot.jre.full.win32.x86_64_15.0.1.v20201027-0507\jre\bin\zip.dll
0x00007ffd9d300000 - 0x00007ffd9da42000 	C:\WINDOWS\System32\SHELL32.dll
0x00007ffd998b0000 - 0x00007ffd9a041000 	C:\WINDOWS\SYSTEM32\windows.storage.dll
0x00007ffd9cbc0000 - 0x00007ffd9cf15000 	C:\WINDOWS\System32\combase.dll
0x00007ffd9b5a0000 - 0x00007ffd9b5cc000 	C:\WINDOWS\SYSTEM32\Wldp.dll
0x00007ffd9ca50000 - 0x00007ffd9cafe000 	C:\WINDOWS\System32\SHCORE.dll
0x00007ffd9dc00000 - 0x00007ffd9dc55000 	C:\WINDOWS\System32\shlwapi.dll
0x00007ffd9ba70000 - 0x00007ffd9ba8f000 	C:\WINDOWS\SYSTEM32\profapi.dll
0x00007ffd90950000 - 0x00007ffd90969000 	C:\Users\c\Documents\tools\sts-4.9.0.RELEASE\plugins\org.eclipse.justj.openjdk.hotspot.jre.full.win32.x86_64_15.0.1.v20201027-0507\jre\bin\net.dll
0x00007ffd91f60000 - 0x00007ffd9206b000 	C:\WINDOWS\SYSTEM32\WINHTTP.dll
0x00007ffd9b310000 - 0x00007ffd9b37a000 	C:\WINDOWS\system32\mswsock.dll
0x00007ffd90930000 - 0x00007ffd90942000 	C:\Users\c\Documents\tools\sts-4.9.0.RELEASE\plugins\org.eclipse.justj.openjdk.hotspot.jre.full.win32.x86_64_15.0.1.v20201027-0507\jre\bin\nio.dll
0x00007ffd90920000 - 0x00007ffd90929000 	C:\Users\c\Documents\tools\sts-4.9.0.RELEASE\plugins\org.eclipse.justj.openjdk.hotspot.jre.full.win32.x86_64_15.0.1.v20201027-0507\jre\bin\management.dll
0x00007ffd90430000 - 0x00007ffd9043b000 	C:\Users\c\Documents\tools\sts-4.9.0.RELEASE\plugins\org.eclipse.justj.openjdk.hotspot.jre.full.win32.x86_64_15.0.1.v20201027-0507\jre\bin\management_ext.dll
0x00007ffd787c0000 - 0x00007ffd787d7000 	C:\WINDOWS\system32\napinsp.dll
0x00007ffd787a0000 - 0x00007ffd787bb000 	C:\WINDOWS\system32\pnrpnsp.dll
0x00007ffd921f0000 - 0x00007ffd92205000 	C:\WINDOWS\system32\wshbth.dll
0x00007ffd92bf0000 - 0x00007ffd92c0d000 	C:\WINDOWS\system32\NLAapi.dll
0x00007ffd9afb0000 - 0x00007ffd9afeb000 	C:\WINDOWS\SYSTEM32\IPHLPAPI.DLL
0x00007ffd9b000000 - 0x00007ffd9b0cc000 	C:\WINDOWS\SYSTEM32\DNSAPI.dll
0x00007ffd9e340000 - 0x00007ffd9e348000 	C:\WINDOWS\System32\NSI.dll
0x00007ffd78760000 - 0x00007ffd78772000 	C:\WINDOWS\System32\winrnr.dll
0x00007ffd8e690000 - 0x00007ffd8e69a000 	C:\Windows\System32\rasadhlp.dll
0x00007ffd89b50000 - 0x00007ffd89bcf000 	C:\WINDOWS\System32\fwpuclnt.dll
0x00007ffd9c420000 - 0x00007ffd9c447000 	C:\WINDOWS\System32\bcrypt.dll
0x00007ffd9b4e0000 - 0x00007ffd9b4f8000 	C:\WINDOWS\SYSTEM32\CRYPTSP.dll
0x00007ffd9ac40000 - 0x00007ffd9ac74000 	C:\WINDOWS\system32\rsaenh.dll
0x00007ffd9b9f0000 - 0x00007ffd9ba1e000 	C:\WINDOWS\SYSTEM32\USERENV.dll
0x00007ffd9b500000 - 0x00007ffd9b50c000 	C:\WINDOWS\SYSTEM32\CRYPTBASE.dll
0x00007ffd8fa00000 - 0x00007ffd8fa17000 	C:\WINDOWS\SYSTEM32\dhcpcsvc6.DLL
0x00007ffd8f9e0000 - 0x00007ffd8f9fd000 	C:\WINDOWS\SYSTEM32\dhcpcsvc.DLL
0x00007ffd92d50000 - 0x00007ffd92d60000 	C:\Users\c\Documents\tools\sts-4.9.0.RELEASE\plugins\org.eclipse.justj.openjdk.hotspot.jre.full.win32.x86_64_15.0.1.v20201027-0507\jre\bin\verify.dll

dbghelp: loaded successfully - version: 4.0.5 - missing functions: none
symbol engine: initialized successfully - sym options: 0x614 - pdb path: .;C:\Users\c\Documents\tools\sts-4.9.0.RELEASE\plugins\org.eclipse.justj.openjdk.hotspot.jre.full.win32.x86_64_15.0.1.v20201027-0507\jre\bin;C:\WINDOWS\SYSTEM32;C:\WINDOWS\WinSxS\amd64_microsoft.windows.common-controls_6595b64144ccf1df_6.0.19041.844_none_ca00b6081b84eb1d;C:\Users\c\Documents\tools\sts-4.9.0.RELEASE\plugins\org.eclipse.justj.openjdk.hotspot.jre.full.win32.x86_64_15.0.1.v20201027-0507\jre\bin\server

VM Arguments:
jvm_args: -Dcom.sun.management.jmxremote -Dcom.sun.management.jmxremote.port=58811 -Dcom.sun.management.jmxremote.authenticate=false -Dcom.sun.management.jmxremote.ssl=false -Djava.rmi.server.hostname=localhost -Dspring.jmx.enabled=true -Dspring.application.admin.enabled=true -XX:TieredStopAtLevel=1 -Dspring.boot.project.name=JustVoteprj -Dfile.encoding=UTF-8 -XX:+ShowCodeDetailsInExceptionMessages 
java_command: com.justvote.JustVoteprjApplication --spring.output.ansi.enabled=always
java_class_path (initial): C:\Users\c\Documents\workspace2\JustVoteprj\bin\main;C:\Users\c\.gradle\caches\modules-2\files-2.1\org.projectlombok\lombok\1.18.20\18bcea7d5df4d49227b4a0743a536208ce4825bb\lombok-1.18.20.jar;C:\Users\c\.gradle\caches\modules-2\files-2.1\org.mybatis.spring.boot\mybatis-spring-boot-starter\2.1.4\1ad97a0fb96ec3630e598e5aaae2dbd2fd29fdb0\mybatis-spring-boot-starter-2.1.4.jar;C:\Users\c\.gradle\caches\modules-2\files-2.1\org.springframework.boot\spring-boot-starter-jdbc\2.4.5\abcca18ef5a2c877a5574a492b570bb260640de3\spring-boot-starter-jdbc-2.4.5.jar;C:\Users\c\.gradle\caches\modules-2\files-2.1\org.springframework.boot\spring-boot-starter-web\2.4.5\93cf2655557534e35723fbafa069bed2ee125832\spring-boot-starter-web-2.4.5.jar;C:\Users\c\.gradle\caches\modules-2\files-2.1\org.springframework.boot\spring-boot-starter-json\2.4.5\5c1623aa53adf10cd98884f60db2d9f5958dbc28\spring-boot-starter-json-2.4.5.jar;C:\Users\c\.gradle\caches\modules-2\files-2.1\org.springframework.boot\spring-boot-starter\2.4.5\5f5398f459beb958fc2ece1a433420bf03cec628\spring-boot-starter-2.4.5.jar;C:\Users\c\.gradle\caches\modules-2\files-2.1\com.zaxxer\HikariCP\3.4.5\aa1a2c00aae8e4ba8308e19940711bb9525b103d\HikariCP-3.4.5.jar;C:\Users\c\.gradle\caches\modules-2\files-2.1\org.springframework\spring-jdbc\5.3.6\986092dcd187de4d3dbfb5291cef4483f1946d40\spring-jdbc-5.3.6.jar;C:\Users\c\.gradle\caches\modules-2\files-2.1\org.springframework.boot\spring-boot-starter-tomcat\2.4.5\f562f975967df544afd88d8d10aa4bcd356b799d\spring-boot-starter-tomcat-2.4.5.jar;C:\Users\c\.gradle\caches\modules-2\files-2.1\org.springframework\spring-webmvc\5.3.6\a9bff0c28f90c73b0443de1d9299f32778ac8421\spring-webmvc-5.3.6.jar;C:\Users\c\.gradle\caches\modules-2\files-2.1\org.springframework\spring-web\5.3.6\f9290db7324194921c236ad9a940467f55304fa7\spring-web-5.3.6.jar;C:\Users\c\.gradle\caches\modules-2\files-2.1\org.mybatis.spring.boot\mybatis-spring-boot-autoconfigure\2.1.4\190f1630d0f7dee0dfecbacf7216b
Launcher Type: SUN_STANDARD

[Global flags]
     intx CICompilerCount                          = 4                                         {product} {ergonomic}
     uint ConcGCThreads                            = 2                                         {product} {ergonomic}
     uint G1ConcRefinementThreads                  = 8                                         {product} {ergonomic}
   size_t G1HeapRegionSize                         = 1048576                                   {product} {ergonomic}
    uintx GCDrainStackTargetSize                   = 64                                        {product} {ergonomic}
   size_t InitialHeapSize                          = 132120576                                 {product} {ergonomic}
     bool ManagementServer                         = true                                      {product} {command line}
   size_t MarkStackSize                            = 4194304                                   {product} {ergonomic}
   size_t MaxHeapSize                              = 2111832064                                {product} {ergonomic}
   size_t MaxNewSize                               = 1266679808                                {product} {ergonomic}
   size_t MinHeapDeltaBytes                        = 1048576                                   {product} {ergonomic}
   size_t MinHeapSize                              = 8388608                                   {product} {ergonomic}
    uintx NonNMethodCodeHeapSize                   = 7549744                                {pd product} {ergonomic}
    uintx NonProfiledCodeHeapSize                  = 244108496                              {pd product} {ergonomic}
    uintx ProfiledCodeHeapSize                     = 0                                      {pd product} {ergonomic}
    uintx ReservedCodeCacheSize                    = 251658240                              {pd product} {ergonomic}
     bool SegmentedCodeCache                       = true                                      {product} {ergonomic}
     bool ShowCodeDetailsInExceptionMessages       = true                                   {manageable} {command line}
   size_t SoftMaxHeapSize                          = 2111832064                             {manageable} {ergonomic}
     intx TieredStopAtLevel                        = 1                                         {product} {command line}
     bool UseCompressedClassPointers               = true                                 {lp64_product} {ergonomic}
     bool UseCompressedOops                        = true                                 {lp64_product} {ergonomic}
     bool UseG1GC                                  = true                                      {product} {ergonomic}
     bool UseLargePagesIndividualAllocation        = false                                  {pd product} {ergonomic}

Logging:
Log output configuration:
 #0: stdout all=warning uptime,level,tags
 #1: stderr all=off uptime,level,tags

Environment Variables:
JAVA_HOME=C:\Program Files\Java\jdk-14
CLASSPATH=%classpath%;C:\Users\c\Documents\tools\ojdbc.jar;.;
PATH=C:/Users/c/Documents/tools/sts-4.9.0.RELEASE//plugins/org.eclipse.justj.openjdk.hotspot.jre.full.win32.x86_64_15.0.1.v20201027-0507/jre/bin/server;C:/Users/c/Documents/tools/sts-4.9.0.RELEASE//plugins/org.eclipse.justj.openjdk.hotspot.jre.full.win32.x86_64_15.0.1.v20201027-0507/jre/bin;C:\Program Files (x86)\Common Files\Oracle\Java\javapath;C:\Program Files (x86)\Intel\Intel(R) Management Engine Components\iCLS\;C:\Program Files\Intel\Intel(R) Management Engine Components\iCLS\;C:\windows\system32;C:\windows;C:\windows\System32\Wbem;C:\windows\System32\WindowsPowerShell\v1.0\;C:\windows\System32\OpenSSH\;C:\Program Files (x86)\NVIDIA Corporation\PhysX\Common;C:\Program Files\Intel\WiFi\bin\;C:\Program Files\Common Files\Intel\WirelessCommon\;C:\WINDOWS\system32;C:\WINDOWS;C:\WINDOWS\System32\Wbem;C:\WINDOWS\System32\WindowsPowerShell\v1.0\;C:\WINDOWS\System32\OpenSSH\;C:\Program Files\Java\jdk-14\bin;C:\Program Files\PuTTY\;C:\Program Files\Amazon\AWSCLIV2\;C:\Program Files\MySQL\MySQL Server 8.0\bin;C:\Program Files\Git\cmd;C:\Program Files\nodejs\;C:\Program Files\MySQL\MySQL Shell 8.0\bin\;C:\Users\c\AppData\Local\Microsoft\WindowsApps;C:\Users\c\AppData\Local\Programs\Microsoft VS Code\bin;C:\Users\c\AppData\Roaming\npm;C:\Users\c\Documents\tools\sts-4.9.0.RELEASE;
USERNAME=c
OS=Windows_NT
PROCESSOR_IDENTIFIER=Intel64 Family 6 Model 142 Stepping 12, GenuineIntel



---------------  S Y S T E M  ---------------

OS:
 Windows 10 , 64 bit Build 19041 (10.0.19041.928)
OS uptime: 0 days 5:23 hours

CPU: total 8 (initial active 8) (4 cores per cpu, 2 threads per core) family 6 model 142 stepping 12 microcode 0xb8, cmov, cx8, fxsr, mmx, sse, sse2, sse3, ssse3, sse4.1, sse4.2, popcnt, vzeroupper, avx, avx2, aes, clmul, erms, 3dnowpref, lzcnt, ht, tsc, tscinvbit, bmi1, bmi2, adx, fma, clflush, clflushopt

Memory: 4k page, system-wide physical 8049M (1431M free)
TotalPageFile size 9964M (AvailPageFile size 2M)
current process WorkingSet (physical memory assigned to process): 89M, peak: 89M
current process commit charge ("private bytes"): 225M, peak: 226M

vm_info: OpenJDK 64-Bit Server VM (15.0.1+9-18) for windows-amd64 JRE (15.0.1+9-18), built on Sep 15 2020 14:39:31 by "mach5one" with unknown MS VC++:1925

END.
