#
# There is insufficient memory for the Java Runtime Environment to continue.
# Native memory allocation (malloc) failed to allocate 1048576 bytes for AllocateHeap
# Possible reasons:
#   The system is out of physical RAM or swap space
#   The process is running with CompressedOops enabled, and the Java Heap may be blocking the growth of the native heap
# Possible solutions:
#   Reduce memory load on the system
#   Increase physical memory or swap space
#   Check if swap backing store is full
#   Decrease Java heap size (-Xmx/-Xms)
#   Decrease number of Java threads
#   Decrease Java thread stack sizes (-Xss)
#   Set larger code cache with -XX:ReservedCodeCacheSize=
#   JVM is running with Unscaled Compressed Oops mode in which the Java heap is
#     placed in the first 4GB address space. The Java Heap base address is the
#     maximum limit for the native heap growth. Please use -XX:HeapBaseMinAddress
#     to set the Java Heap base and to place the Java Heap above 4GB virtual address.
# This output file may be truncated or incomplete.
#
#  Out of Memory Error (./open/src/hotspot/share/memory/allocation.cpp:44), pid=4416, tid=840
#
# JRE version: OpenJDK Runtime Environment (15.0.1+9) (build 15.0.1+9-18)
# Java VM: OpenJDK 64-Bit Server VM (15.0.1+9-18, mixed mode, tiered, compressed oops, g1 gc, windows-amd64)
# No core dump will be written. Minidumps are not enabled by default on client versions of Windows
#

---------------  S U M M A R Y ------------

Command Line: -Dcom.sun.management.jmxremote -Dcom.sun.management.jmxremote.port=58933 -Dcom.sun.management.jmxremote.authenticate=false -Dcom.sun.management.jmxremote.ssl=false -Djava.rmi.server.hostname=localhost -Dspring.jmx.enabled=true -Dspring.application.admin.enabled=true -XX:TieredStopAtLevel=1 -Dspring.boot.project.name=JustVoteprj -Dfile.encoding=UTF-8 -XX:+ShowCodeDetailsInExceptionMessages com.justvote.JustVoteprjApplication --spring.output.ansi.enabled=always

Host: Intel(R) Core(TM) i5-8265U CPU @ 1.60GHz, 8 cores, 7G,  Windows 10 , 64 bit Build 19041 (10.0.19041.928)
Time: Fri May 14 00:38:34 2021 대한민국 표준시 elapsed time: 0.410432 seconds (0d 0h 0m 0s)

---------------  T H R E A D  ---------------

Current thread (0x00000241e474d480):  VMThread "VM Thread" [stack: 0x000000d995700000,0x000000d995800000] [id=840]

Stack: [0x000000d995700000,0x000000d995800000]
[error occurred during error reporting (printing stack bounds), id 0xc0000005, EXCEPTION_ACCESS_VIOLATION (0xc0000005) at pc=0x00000241cd6c10ad]

Native frames: (J=compiled Java code, j=interpreted, Vv=VM code, C=native code)
V  [jvm.dll+0x62ae9a]
V  [jvm.dll+0x781389]
V  [jvm.dll+0x782ae3]
V  [jvm.dll+0x7830a5]
V  [jvm.dll+0x78305b]
V  [jvm.dll+0x62a2b9]
V  [jvm.dll+0x62aa88]
C  [ntdll.dll+0xa207f]
C  [ntdll.dll+0x51454]
C  [ntdll.dll+0xa0bae]
C  0x00000241cd6c10ad

VM_Operation (0x000000d9951fc6a0): CollectForMetadataAllocation, mode: safepoint, requested by thread 0x00000241c9cafa10


---------------  P R O C E S S  ---------------

Threads class SMR info:
_java_thread_list=0x00000241e4953760, length=10, elements={
0x00000241c9cafa10, 0x00000241e3f2e290, 0x00000241e3f31130, 0x00000241e4798440,
0x00000241e47990b0, 0x00000241e479f6a0, 0x00000241e47a94c0, 0x00000241e47af680,
0x00000241e47f8030, 0x00000241e4974be0
}

Java Threads: ( => current thread )
  0x00000241c9cafa10 JavaThread "main" [_thread_blocked, id=9880, stack(0x000000d995100000,0x000000d995200000)]
  0x00000241e3f2e290 JavaThread "Reference Handler" daemon [_thread_blocked, id=800, stack(0x000000d995800000,0x000000d995900000)]
  0x00000241e3f31130 JavaThread "Finalizer" daemon [_thread_blocked, id=15848, stack(0x000000d995900000,0x000000d995a00000)]
  0x00000241e4798440 JavaThread "Signal Dispatcher" daemon [_thread_blocked, id=11596, stack(0x000000d995a00000,0x000000d995b00000)]
  0x00000241e47990b0 JavaThread "Attach Listener" daemon [_thread_blocked, id=2804, stack(0x000000d995b00000,0x000000d995c00000)]
  0x00000241e479f6a0 JavaThread "Service Thread" daemon [_thread_blocked, id=728, stack(0x000000d995c00000,0x000000d995d00000)]
  0x00000241e47a94c0 JavaThread "C1 CompilerThread0" daemon [_thread_blocked, id=2820, stack(0x000000d995d00000,0x000000d995e00000)]
  0x00000241e47af680 JavaThread "Sweeper thread" daemon [_thread_blocked, id=14576, stack(0x000000d995e00000,0x000000d995f00000)]
  0x00000241e47f8030 JavaThread "Common-Cleaner" daemon [_thread_blocked, id=3564, stack(0x000000d995f00000,0x000000d996000000)]
  0x00000241e4974be0 JavaThread "Notification Thread" daemon [_thread_blocked, id=7396, stack(0x000000d996000000,0x000000d996100000)]

Other Threads:
=>0x00000241e474d480 VMThread "VM Thread" [stack: 0x000000d995700000,0x000000d995800000] [id=840]
  0x00000241c9cefd40 GCTaskThread "GC Thread#0" [stack: 0x000000d995200000,0x000000d995300000] [id=8936]
  0x00000241e4de37c0 GCTaskThread "GC Thread#1" [stack: 0x000000d996100000,0x000000d996200000] [id=3432]
  0x00000241e4de24a0 GCTaskThread "GC Thread#2" [stack: 0x000000d996200000,0x000000d996300000] [id=15604]
  0x00000241c9d01970 ConcurrentGCThread "G1 Main Marker" [stack: 0x000000d995300000,0x000000d995400000] [id=9996]
  0x00000241c9d02c10 ConcurrentGCThread "G1 Conc#0" [stack: 0x000000d995400000,0x000000d995500000] [id=5248]
  0x00000241e4de47b0 ConcurrentGCThread "G1 Conc#1" [stack: 0x000000d996300000,0x000000d996400000] [id=1764]
  0x00000241e3d50090 ConcurrentGCThread "G1 Refine#0" [stack: 0x000000d995500000,0x000000d995600000] [id=944]
  0x00000241e3d507b0 ConcurrentGCThread "G1 Young RemSet Sampling" [stack: 0x000000d995600000,0x000000d995700000] [id=13716]

Threads with active compile tasks:

VM state: at safepoint (normal execution)

VM Mutex/Monitor currently owned by a thread:  ([mutex/lock_event])
[0x00000241c9caae10] Threads_lock - owner thread: 0x00000241e474d480
[0x00000241c9caaf30] Heap_lock - owner thread: 0x00000241c9cafa10

Heap address: 0x0000000082200000, size: 2014 MB, Compressed Oops mode: 32-bit
CDS disabled.
Compressed class space mapped at: 0x0000000100000000-0x0000000140000000, size: 1073741824
Narrow klass base: 0x0000000000000000, Narrow klass shift: 3, Narrow klass range: 0x140000000

GC Precious Log:
 CPUs: 8 total, 8 available
 Memory: 8049M
 Large Page Support: Disabled
 NUMA Support: Disabled
 Compressed Oops: Enabled (32-bit)
 Heap Region Size: 1M
 Heap Min Capacity: 8M
 Heap Initial Capacity: 126M
 Heap Max Capacity: 2014M
 Pre-touch: Disabled
 Parallel Workers: 8
 Concurrent Workers: 2
 Concurrent Refinement Workers: 8
 Periodic GC: Disabled

Heap:
 garbage-first heap   total 129024K, used 3615K [0x0000000082200000, 0x0000000100000000)
  region size 1024K, 3 young (3072K), 3 survivors (3072K)
 Metaspace       used 10122K, capacity 10186K, committed 10240K, reserved 1075200K
  class space    used 977K, capacity 1004K, committed 1024K, reserved 1048576K

Heap Regions: E=young(eden), S=young(survivor), O=old, HS=humongous(starts), HC=humongous(continues), CS=collection set, F=free, OA=open archive, CA=closed archive, TAMS=top-at-mark-start (previous, next)
|   0|0x0000000082200000, 0x0000000082287e00, 0x0000000082300000| 53%| O|  |TAMS 0x0000000082200000, 0x0000000082200000| Untracked 
|   1|0x0000000082300000, 0x0000000082300000, 0x0000000082400000|  0%| F|  |TAMS 0x0000000082300000, 0x0000000082300000| Untracked 
|   2|0x0000000082400000, 0x0000000082400000, 0x0000000082500000|  0%| F|  |TAMS 0x0000000082400000, 0x0000000082400000| Untracked 
|   3|0x0000000082500000, 0x0000000082500000, 0x0000000082600000|  0%| F|  |TAMS 0x0000000082500000, 0x0000000082500000| Untracked 
|   4|0x0000000082600000, 0x0000000082600000, 0x0000000082700000|  0%| F|  |TAMS 0x0000000082600000, 0x0000000082600000| Untracked 
|   5|0x0000000082700000, 0x0000000082700000, 0x0000000082800000|  0%| F|  |TAMS 0x0000000082700000, 0x0000000082700000| Untracked 
|   6|0x0000000082800000, 0x0000000082800000, 0x0000000082900000|  0%| F|  |TAMS 0x0000000082800000, 0x0000000082800000| Untracked 
|   7|0x0000000082900000, 0x0000000082900000, 0x0000000082a00000|  0%| F|  |TAMS 0x0000000082900000, 0x0000000082900000| Untracked 
|   8|0x0000000082a00000, 0x0000000082a00000, 0x0000000082b00000|  0%| F|  |TAMS 0x0000000082a00000, 0x0000000082a00000| Untracked 
|   9|0x0000000082b00000, 0x0000000082b00000, 0x0000000082c00000|  0%| F|  |TAMS 0x0000000082b00000, 0x0000000082b00000| Untracked 
|  10|0x0000000082c00000, 0x0000000082c00000, 0x0000000082d00000|  0%| F|  |TAMS 0x0000000082c00000, 0x0000000082c00000| Untracked 
|  11|0x0000000082d00000, 0x0000000082d00000, 0x0000000082e00000|  0%| F|  |TAMS 0x0000000082d00000, 0x0000000082d00000| Untracked 
|  12|0x0000000082e00000, 0x0000000082e00000, 0x0000000082f00000|  0%| F|  |TAMS 0x0000000082e00000, 0x0000000082e00000| Untracked 
|  13|0x0000000082f00000, 0x0000000082f00000, 0x0000000083000000|  0%| F|  |TAMS 0x0000000082f00000, 0x0000000082f00000| Untracked 
|  14|0x0000000083000000, 0x0000000083000000, 0x0000000083100000|  0%| F|  |TAMS 0x0000000083000000, 0x0000000083000000| Untracked 
|  15|0x0000000083100000, 0x0000000083100000, 0x0000000083200000|  0%| F|  |TAMS 0x0000000083100000, 0x0000000083100000| Untracked 
|  16|0x0000000083200000, 0x0000000083200000, 0x0000000083300000|  0%| F|  |TAMS 0x0000000083200000, 0x0000000083200000| Untracked 
|  17|0x0000000083300000, 0x0000000083300000, 0x0000000083400000|  0%| F|  |TAMS 0x0000000083300000, 0x0000000083300000| Untracked 
|  18|0x0000000083400000, 0x0000000083400000, 0x0000000083500000|  0%| F|  |TAMS 0x0000000083400000, 0x0000000083400000| Untracked 
|  19|0x0000000083500000, 0x0000000083500000, 0x0000000083600000|  0%| F|  |TAMS 0x0000000083500000, 0x0000000083500000| Untracked 
|  20|0x0000000083600000, 0x0000000083600000, 0x0000000083700000|  0%| F|  |TAMS 0x0000000083600000, 0x0000000083600000| Untracked 
|  21|0x0000000083700000, 0x0000000083700000, 0x0000000083800000|  0%| F|  |TAMS 0x0000000083700000, 0x0000000083700000| Untracked 
|  22|0x0000000083800000, 0x0000000083800000, 0x0000000083900000|  0%| F|  |TAMS 0x0000000083800000, 0x0000000083800000| Untracked 
|  23|0x0000000083900000, 0x0000000083900000, 0x0000000083a00000|  0%| F|  |TAMS 0x0000000083900000, 0x0000000083900000| Untracked 
|  24|0x0000000083a00000, 0x0000000083a00000, 0x0000000083b00000|  0%| F|  |TAMS 0x0000000083a00000, 0x0000000083a00000| Untracked 
|  25|0x0000000083b00000, 0x0000000083b00000, 0x0000000083c00000|  0%| F|  |TAMS 0x0000000083b00000, 0x0000000083b00000| Untracked 
|  26|0x0000000083c00000, 0x0000000083c00000, 0x0000000083d00000|  0%| F|  |TAMS 0x0000000083c00000, 0x0000000083c00000| Untracked 
|  27|0x0000000083d00000, 0x0000000083d00000, 0x0000000083e00000|  0%| F|  |TAMS 0x0000000083d00000, 0x0000000083d00000| Untracked 
|  28|0x0000000083e00000, 0x0000000083e00000, 0x0000000083f00000|  0%| F|  |TAMS 0x0000000083e00000, 0x0000000083e00000| Untracked 
|  29|0x0000000083f00000, 0x0000000083f00000, 0x0000000084000000|  0%| F|  |TAMS 0x0000000083f00000, 0x0000000083f00000| Untracked 
|  30|0x0000000084000000, 0x0000000084000000, 0x0000000084100000|  0%| F|  |TAMS 0x0000000084000000, 0x0000000084000000| Untracked 
|  31|0x0000000084100000, 0x0000000084100000, 0x0000000084200000|  0%| F|  |TAMS 0x0000000084100000, 0x0000000084100000| Untracked 
|  32|0x0000000084200000, 0x0000000084200000, 0x0000000084300000|  0%| F|  |TAMS 0x0000000084200000, 0x0000000084200000| Untracked 
|  33|0x0000000084300000, 0x0000000084300000, 0x0000000084400000|  0%| F|  |TAMS 0x0000000084300000, 0x0000000084300000| Untracked 
|  34|0x0000000084400000, 0x0000000084400000, 0x0000000084500000|  0%| F|  |TAMS 0x0000000084400000, 0x0000000084400000| Untracked 
|  35|0x0000000084500000, 0x0000000084500000, 0x0000000084600000|  0%| F|  |TAMS 0x0000000084500000, 0x0000000084500000| Untracked 
|  36|0x0000000084600000, 0x0000000084600000, 0x0000000084700000|  0%| F|  |TAMS 0x0000000084600000, 0x0000000084600000| Untracked 
|  37|0x0000000084700000, 0x0000000084700000, 0x0000000084800000|  0%| F|  |TAMS 0x0000000084700000, 0x0000000084700000| Untracked 
|  38|0x0000000084800000, 0x0000000084800000, 0x0000000084900000|  0%| F|  |TAMS 0x0000000084800000, 0x0000000084800000| Untracked 
|  39|0x0000000084900000, 0x0000000084900000, 0x0000000084a00000|  0%| F|  |TAMS 0x0000000084900000, 0x0000000084900000| Untracked 
|  40|0x0000000084a00000, 0x0000000084a00000, 0x0000000084b00000|  0%| F|  |TAMS 0x0000000084a00000, 0x0000000084a00000| Untracked 
|  41|0x0000000084b00000, 0x0000000084b00000, 0x0000000084c00000|  0%| F|  |TAMS 0x0000000084b00000, 0x0000000084b00000| Untracked 
|  42|0x0000000084c00000, 0x0000000084c00000, 0x0000000084d00000|  0%| F|  |TAMS 0x0000000084c00000, 0x0000000084c00000| Untracked 
|  43|0x0000000084d00000, 0x0000000084d00000, 0x0000000084e00000|  0%| F|  |TAMS 0x0000000084d00000, 0x0000000084d00000| Untracked 
|  44|0x0000000084e00000, 0x0000000084e00000, 0x0000000084f00000|  0%| F|  |TAMS 0x0000000084e00000, 0x0000000084e00000| Untracked 
|  45|0x0000000084f00000, 0x0000000084f00000, 0x0000000085000000|  0%| F|  |TAMS 0x0000000084f00000, 0x0000000084f00000| Untracked 
|  46|0x0000000085000000, 0x0000000085000000, 0x0000000085100000|  0%| F|  |TAMS 0x0000000085000000, 0x0000000085000000| Untracked 
|  47|0x0000000085100000, 0x0000000085100000, 0x0000000085200000|  0%| F|  |TAMS 0x0000000085100000, 0x0000000085100000| Untracked 
|  48|0x0000000085200000, 0x0000000085200000, 0x0000000085300000|  0%| F|  |TAMS 0x0000000085200000, 0x0000000085200000| Untracked 
|  49|0x0000000085300000, 0x0000000085300000, 0x0000000085400000|  0%| F|  |TAMS 0x0000000085300000, 0x0000000085300000| Untracked 
|  50|0x0000000085400000, 0x0000000085400000, 0x0000000085500000|  0%| F|  |TAMS 0x0000000085400000, 0x0000000085400000| Untracked 
|  51|0x0000000085500000, 0x0000000085500000, 0x0000000085600000|  0%| F|  |TAMS 0x0000000085500000, 0x0000000085500000| Untracked 
|  52|0x0000000085600000, 0x0000000085600000, 0x0000000085700000|  0%| F|  |TAMS 0x0000000085600000, 0x0000000085600000| Untracked 
|  53|0x0000000085700000, 0x0000000085700000, 0x0000000085800000|  0%| F|  |TAMS 0x0000000085700000, 0x0000000085700000| Untracked 
|  54|0x0000000085800000, 0x0000000085800000, 0x0000000085900000|  0%| F|  |TAMS 0x0000000085800000, 0x0000000085800000| Untracked 
|  55|0x0000000085900000, 0x0000000085900000, 0x0000000085a00000|  0%| F|  |TAMS 0x0000000085900000, 0x0000000085900000| Untracked 
|  56|0x0000000085a00000, 0x0000000085a00000, 0x0000000085b00000|  0%| F|  |TAMS 0x0000000085a00000, 0x0000000085a00000| Untracked 
|  57|0x0000000085b00000, 0x0000000085b00000, 0x0000000085c00000|  0%| F|  |TAMS 0x0000000085b00000, 0x0000000085b00000| Untracked 
|  58|0x0000000085c00000, 0x0000000085c00000, 0x0000000085d00000|  0%| F|  |TAMS 0x0000000085c00000, 0x0000000085c00000| Untracked 
|  59|0x0000000085d00000, 0x0000000085d00000, 0x0000000085e00000|  0%| F|  |TAMS 0x0000000085d00000, 0x0000000085d00000| Untracked 
|  60|0x0000000085e00000, 0x0000000085e00000, 0x0000000085f00000|  0%| F|  |TAMS 0x0000000085e00000, 0x0000000085e00000| Untracked 
|  61|0x0000000085f00000, 0x0000000085f00000, 0x0000000086000000|  0%| F|  |TAMS 0x0000000085f00000, 0x0000000085f00000| Untracked 
|  62|0x0000000086000000, 0x0000000086000000, 0x0000000086100000|  0%| F|  |TAMS 0x0000000086000000, 0x0000000086000000| Untracked 
|  63|0x0000000086100000, 0x0000000086100000, 0x0000000086200000|  0%| F|  |TAMS 0x0000000086100000, 0x0000000086100000| Untracked 
|  64|0x0000000086200000, 0x0000000086200000, 0x0000000086300000|  0%| F|  |TAMS 0x0000000086200000, 0x0000000086200000| Untracked 
|  65|0x0000000086300000, 0x0000000086300000, 0x0000000086400000|  0%| F|  |TAMS 0x0000000086300000, 0x0000000086300000| Untracked 
|  66|0x0000000086400000, 0x0000000086400000, 0x0000000086500000|  0%| F|  |TAMS 0x0000000086400000, 0x0000000086400000| Untracked 
|  67|0x0000000086500000, 0x0000000086500000, 0x0000000086600000|  0%| F|  |TAMS 0x0000000086500000, 0x0000000086500000| Untracked 
|  68|0x0000000086600000, 0x0000000086600000, 0x0000000086700000|  0%| F|  |TAMS 0x0000000086600000, 0x0000000086600000| Untracked 
|  69|0x0000000086700000, 0x0000000086700000, 0x0000000086800000|  0%| F|  |TAMS 0x0000000086700000, 0x0000000086700000| Untracked 
|  70|0x0000000086800000, 0x0000000086800000, 0x0000000086900000|  0%| F|  |TAMS 0x0000000086800000, 0x0000000086800000| Untracked 
|  71|0x0000000086900000, 0x0000000086900000, 0x0000000086a00000|  0%| F|  |TAMS 0x0000000086900000, 0x0000000086900000| Untracked 
|  72|0x0000000086a00000, 0x0000000086a00000, 0x0000000086b00000|  0%| F|  |TAMS 0x0000000086a00000, 0x0000000086a00000| Untracked 
|  73|0x0000000086b00000, 0x0000000086b00000, 0x0000000086c00000|  0%| F|  |TAMS 0x0000000086b00000, 0x0000000086b00000| Untracked 
|  74|0x0000000086c00000, 0x0000000086c00000, 0x0000000086d00000|  0%| F|  |TAMS 0x0000000086c00000, 0x0000000086c00000| Untracked 
|  75|0x0000000086d00000, 0x0000000086d00000, 0x0000000086e00000|  0%| F|  |TAMS 0x0000000086d00000, 0x0000000086d00000| Untracked 
|  76|0x0000000086e00000, 0x0000000086e00000, 0x0000000086f00000|  0%| F|  |TAMS 0x0000000086e00000, 0x0000000086e00000| Untracked 
|  77|0x0000000086f00000, 0x0000000086f00000, 0x0000000087000000|  0%| F|  |TAMS 0x0000000086f00000, 0x0000000086f00000| Untracked 
|  78|0x0000000087000000, 0x0000000087000000, 0x0000000087100000|  0%| F|  |TAMS 0x0000000087000000, 0x0000000087000000| Untracked 
|  79|0x0000000087100000, 0x0000000087100000, 0x0000000087200000|  0%| F|  |TAMS 0x0000000087100000, 0x0000000087100000| Untracked 
|  80|0x0000000087200000, 0x0000000087200000, 0x0000000087300000|  0%| F|  |TAMS 0x0000000087200000, 0x0000000087200000| Untracked 
|  81|0x0000000087300000, 0x0000000087300000, 0x0000000087400000|  0%| F|  |TAMS 0x0000000087300000, 0x0000000087300000| Untracked 
|  82|0x0000000087400000, 0x0000000087400000, 0x0000000087500000|  0%| F|  |TAMS 0x0000000087400000, 0x0000000087400000| Untracked 
|  83|0x0000000087500000, 0x0000000087500000, 0x0000000087600000|  0%| F|  |TAMS 0x0000000087500000, 0x0000000087500000| Untracked 
|  84|0x0000000087600000, 0x0000000087600000, 0x0000000087700000|  0%| F|  |TAMS 0x0000000087600000, 0x0000000087600000| Untracked 
|  85|0x0000000087700000, 0x0000000087700000, 0x0000000087800000|  0%| F|  |TAMS 0x0000000087700000, 0x0000000087700000| Untracked 
|  86|0x0000000087800000, 0x0000000087800000, 0x0000000087900000|  0%| F|  |TAMS 0x0000000087800000, 0x0000000087800000| Untracked 
|  87|0x0000000087900000, 0x0000000087900000, 0x0000000087a00000|  0%| F|  |TAMS 0x0000000087900000, 0x0000000087900000| Untracked 
|  88|0x0000000087a00000, 0x0000000087a00000, 0x0000000087b00000|  0%| F|  |TAMS 0x0000000087a00000, 0x0000000087a00000| Untracked 
|  89|0x0000000087b00000, 0x0000000087b00000, 0x0000000087c00000|  0%| F|  |TAMS 0x0000000087b00000, 0x0000000087b00000| Untracked 
|  90|0x0000000087c00000, 0x0000000087c00000, 0x0000000087d00000|  0%| F|  |TAMS 0x0000000087c00000, 0x0000000087c00000| Untracked 
|  91|0x0000000087d00000, 0x0000000087d00000, 0x0000000087e00000|  0%| F|  |TAMS 0x0000000087d00000, 0x0000000087d00000| Untracked 
|  92|0x0000000087e00000, 0x0000000087e00000, 0x0000000087f00000|  0%| F|  |TAMS 0x0000000087e00000, 0x0000000087e00000| Untracked 
|  93|0x0000000087f00000, 0x0000000087f00000, 0x0000000088000000|  0%| F|  |TAMS 0x0000000087f00000, 0x0000000087f00000| Untracked 
|  94|0x0000000088000000, 0x0000000088000000, 0x0000000088100000|  0%| F|  |TAMS 0x0000000088000000, 0x0000000088000000| Untracked 
|  95|0x0000000088100000, 0x0000000088100000, 0x0000000088200000|  0%| F|  |TAMS 0x0000000088100000, 0x0000000088100000| Untracked 
|  96|0x0000000088200000, 0x0000000088200000, 0x0000000088300000|  0%| F|  |TAMS 0x0000000088200000, 0x0000000088200000| Untracked 
|  97|0x0000000088300000, 0x0000000088300000, 0x0000000088400000|  0%| F|  |TAMS 0x0000000088300000, 0x0000000088300000| Untracked 
|  98|0x0000000088400000, 0x0000000088400000, 0x0000000088500000|  0%| F|  |TAMS 0x0000000088400000, 0x0000000088400000| Untracked 
|  99|0x0000000088500000, 0x0000000088500000, 0x0000000088600000|  0%| F|  |TAMS 0x0000000088500000, 0x0000000088500000| Untracked 
| 100|0x0000000088600000, 0x0000000088600000, 0x0000000088700000|  0%| F|  |TAMS 0x0000000088600000, 0x0000000088600000| Untracked 
| 101|0x0000000088700000, 0x0000000088700000, 0x0000000088800000|  0%| F|  |TAMS 0x0000000088700000, 0x0000000088700000| Untracked 
| 102|0x0000000088800000, 0x0000000088800000, 0x0000000088900000|  0%| F|  |TAMS 0x0000000088800000, 0x0000000088800000| Untracked 
| 103|0x0000000088900000, 0x0000000088900000, 0x0000000088a00000|  0%| F|  |TAMS 0x0000000088900000, 0x0000000088900000| Untracked 
| 104|0x0000000088a00000, 0x0000000088a00000, 0x0000000088b00000|  0%| F|  |TAMS 0x0000000088a00000, 0x0000000088a00000| Untracked 
| 105|0x0000000088b00000, 0x0000000088b00000, 0x0000000088c00000|  0%| F|  |TAMS 0x0000000088b00000, 0x0000000088b00000| Untracked 
| 106|0x0000000088c00000, 0x0000000088c00000, 0x0000000088d00000|  0%| F|  |TAMS 0x0000000088c00000, 0x0000000088c00000| Untracked 
| 107|0x0000000088d00000, 0x0000000088d00000, 0x0000000088e00000|  0%| F|  |TAMS 0x0000000088d00000, 0x0000000088d00000| Untracked 
| 108|0x0000000088e00000, 0x0000000088e00000, 0x0000000088f00000|  0%| F|  |TAMS 0x0000000088e00000, 0x0000000088e00000| Untracked 
| 109|0x0000000088f00000, 0x0000000088f00000, 0x0000000089000000|  0%| F|  |TAMS 0x0000000088f00000, 0x0000000088f00000| Untracked 
| 110|0x0000000089000000, 0x0000000089000000, 0x0000000089100000|  0%| F|  |TAMS 0x0000000089000000, 0x0000000089000000| Untracked 
| 111|0x0000000089100000, 0x0000000089100000, 0x0000000089200000|  0%| F|  |TAMS 0x0000000089100000, 0x0000000089100000| Untracked 
| 112|0x0000000089200000, 0x0000000089200000, 0x0000000089300000|  0%| F|  |TAMS 0x0000000089200000, 0x0000000089200000| Untracked 
| 113|0x0000000089300000, 0x0000000089300000, 0x0000000089400000|  0%| F|  |TAMS 0x0000000089300000, 0x0000000089300000| Untracked 
| 114|0x0000000089400000, 0x0000000089400000, 0x0000000089500000|  0%| F|  |TAMS 0x0000000089400000, 0x0000000089400000| Untracked 
| 115|0x0000000089500000, 0x0000000089500000, 0x0000000089600000|  0%| F|  |TAMS 0x0000000089500000, 0x0000000089500000| Untracked 
| 116|0x0000000089600000, 0x0000000089700000, 0x0000000089700000|100%| S|CS|TAMS 0x0000000089600000, 0x0000000089600000| Complete 
| 117|0x0000000089700000, 0x0000000089800000, 0x0000000089800000|100%| S|CS|TAMS 0x0000000089700000, 0x0000000089700000| Complete 
| 118|0x0000000089800000, 0x0000000089900000, 0x0000000089900000|100%| S|CS|TAMS 0x0000000089800000, 0x0000000089800000| Complete 
| 119|0x0000000089900000, 0x0000000089900000, 0x0000000089a00000|  0%| F|  |TAMS 0x0000000089900000, 0x0000000089900000| Untracked 
| 120|0x0000000089a00000, 0x0000000089a00000, 0x0000000089b00000|  0%| F|  |TAMS 0x0000000089a00000, 0x0000000089a00000| Untracked 
| 121|0x0000000089b00000, 0x0000000089b00000, 0x0000000089c00000|  0%| F|  |TAMS 0x0000000089b00000, 0x0000000089b00000| Untracked 
| 122|0x0000000089c00000, 0x0000000089c00000, 0x0000000089d00000|  0%| F|  |TAMS 0x0000000089c00000, 0x0000000089c00000| Untracked 
| 123|0x0000000089d00000, 0x0000000089d00000, 0x0000000089e00000|  0%| F|  |TAMS 0x0000000089d00000, 0x0000000089d00000| Untracked 
| 124|0x0000000089e00000, 0x0000000089e00000, 0x0000000089f00000|  0%| F|  |TAMS 0x0000000089e00000, 0x0000000089e00000| Untracked 
| 125|0x0000000089f00000, 0x0000000089f00000, 0x000000008a000000|  0%| F|  |TAMS 0x0000000089f00000, 0x0000000089f00000| Untracked 

Card table byte_map: [0x00000241dcde0000,0x00000241dd1d0000] _byte_map_base: 0x00000241dc9cf000

Marking Bits (Prev, Next): (CMBitMap*) 0x00000241c9cf1450, (CMBitMap*) 0x00000241c9cf1490
 Prev Bits: [0x00000241dd5c0000, 0x00000241df538000)
 Next Bits: [0x00000241df540000, 0x00000241e14b8000)

Polling page: 0x00000241c7c60000

Metaspace:

Usage:
  Non-class:      8.97 MB capacity,     8.93 MB (>99%) used,    27.70 KB ( <1%) free+waste,     9.88 KB ( <1%) overhead. 
      Class:   1004.00 KB capacity,   977.60 KB ( 97%) used,    22.71 KB (  2%) free+waste,     3.69 KB ( <1%) overhead. 
       Both:      9.95 MB capacity,     9.88 MB (>99%) used,    50.41 KB ( <1%) free+waste,    13.56 KB ( <1%) overhead. 

Virtual space:
  Non-class space:       26.00 MB reserved,       9.00 MB ( 35%) committed 
      Class space:        1.00 GB reserved,       1.00 MB ( <1%) committed 
             Both:        1.03 GB reserved,      10.00 MB ( <1%) committed 

Chunk freelists:
   Non-Class:  34.00 KB
       Class:  20.00 KB
        Both:  54.00 KB

MaxMetaspaceSize: 17179869184.00 GB
CompressedClassSpaceSize: 1.00 GB

CodeHeap 'non-profiled nmethods': size=238336Kb used=776Kb max_used=776Kb free=237559Kb
 bounds [0x00000241cde00000, 0x00000241ce070000, 0x00000241dc6c0000]
CodeHeap 'non-nmethods': size=7424Kb used=1140Kb max_used=1140Kb free=6283Kb
 bounds [0x00000241cd6c0000, 0x00000241cd930000, 0x00000241cde00000]
 total_blobs=1046 nmethods=652 adapters=322
 compilation: enabled
              stopped_count=0, restarted_count=0
 full_count=0

Compilation events (20 events):
Event: 0.393 Thread 0x00000241e47a94c0  642   !   1       jdk.internal.ref.PhantomCleanable::insert (53 bytes)
Event: 0.393 Thread 0x00000241e47a94c0 nmethod 642 0x00000241cdebee90 code [0x00000241cdebf040, 0x00000241cdebf358]
Event: 0.393 Thread 0x00000241e47a94c0  643       1       jdk.internal.ref.CleanerFactory::cleaner (4 bytes)
Event: 0.393 Thread 0x00000241e47a94c0 nmethod 643 0x00000241cdebf490 code [0x00000241cdebf620, 0x00000241cdebf6b8]
Event: 0.394 Thread 0x00000241e47a94c0  644       1       java.lang.Class::getReflectionFactory (26 bytes)
Event: 0.394 Thread 0x00000241e47a94c0 nmethod 644 0x00000241cdebf790 code [0x00000241cdebf940, 0x00000241cdebfb38]
Event: 0.394 Thread 0x00000241e47a94c0  646   !   1       java.lang.invoke.MemberName$Factory::resolve (157 bytes)
Event: 0.395 Thread 0x00000241e47a94c0 nmethod 646 0x00000241cdec0190 code [0x00000241cdec0380, 0x00000241cdec06e8]
Event: 0.395 Thread 0x00000241e47a94c0  645       1       java.util.logging.Logger::getName (5 bytes)
Event: 0.395 Thread 0x00000241e47a94c0 nmethod 645 0x00000241cdec0990 code [0x00000241cdec0b20, 0x00000241cdec0bd8]
Event: 0.395 Thread 0x00000241e47a94c0  648       1       java.util.Properties::getProperty (50 bytes)
Event: 0.395 Thread 0x00000241e47a94c0 nmethod 648 0x00000241cdec0c90 code [0x00000241cdec0e40, 0x00000241cdec0ff8]
Event: 0.396 Thread 0x00000241e47a94c0  649       1       java.lang.invoke.DirectMethodHandle$Holder::invokeStatic (15 bytes)
Event: 0.396 Thread 0x00000241e47a94c0 nmethod 649 0x00000241cdec1110 code [0x00000241cdec12c0, 0x00000241cdec13b8]
Event: 0.396 Thread 0x00000241e47a94c0  650       1       java.lang.invoke.MethodTypeForm::cachedLambdaForm (23 bytes)
Event: 0.396 Thread 0x00000241e47a94c0 nmethod 650 0x00000241cdec1490 code [0x00000241cdec1640, 0x00000241cdec1788]
Event: 0.401 Thread 0x00000241e47a94c0  651       1       java.lang.Integer::stringSize (47 bytes)
Event: 0.401 Thread 0x00000241e47a94c0 nmethod 651 0x00000241cdec1890 code [0x00000241cdec1a20, 0x00000241cdec1b38]
Event: 0.401 Thread 0x00000241e47a94c0  652       1       java.lang.Integer::getChars (131 bytes)
Event: 0.402 Thread 0x00000241e47a94c0 nmethod 652 0x00000241cdec1c10 code [0x00000241cdec1dc0, 0x00000241cdec2058]

GC Heap History (2 events):
Event: 0.404 GC heap before
{Heap before GC invocations=0 (full 0):
 garbage-first heap   total 129024K, used 5120K [0x0000000082200000, 0x0000000100000000)
  region size 1024K, 7 young (7168K), 0 survivors (0K)
 Metaspace       used 10122K, capacity 10186K, committed 10240K, reserved 1073152K
  class space    used 977K, capacity 1004K, committed 1024K, reserved 1048576K
}
Event: 0.407 GC heap after
{Heap after GC invocations=1 (full 0):
 garbage-first heap   total 129024K, used 3615K [0x0000000082200000, 0x0000000100000000)
  region size 1024K, 3 young (3072K), 3 survivors (3072K)
 Metaspace       used 10122K, capacity 10186K, committed 10240K, reserved 1073152K
  class space    used 977K, capacity 1004K, committed 1024K, reserved 1048576K
}

Deoptimization events (0 events):
No events

Classes unloaded (0 events):
No events

Classes redefined (0 events):
No events

Internal exceptions (11 events):
Event: 0.161 Thread 0x00000241c9cafa10 Exception <a 'java/lang/NoSuchMethodError'{0x0000000089ea1028}: 'void java.lang.invoke.DirectMethodHandle$Holder.invokeSpecial(java.lang.Object, java.lang.Object, java.lang.Object)'> (0x0000000089ea1028) 
thrown [./open/src/hotspot/share/interpreter/linkResolver.cpp, line 782]
Event: 0.231 Thread 0x00000241c9cafa10 Exception <a 'java/lang/NoSuchMethodError'{0x0000000089b1ca50}: 'java.lang.Object java.lang.invoke.DirectMethodHandle$Holder.invokeStatic(java.lang.Object)'> (0x0000000089b1ca50) 
thrown [./open/src/hotspot/share/interpreter/linkResolver.cpp, line 782]
Event: 0.232 Thread 0x00000241c9cafa10 Exception <a 'java/lang/NoSuchMethodError'{0x0000000089b201a0}: 'java.lang.Object java.lang.invoke.DirectMethodHandle$Holder.invokeStaticInit(java.lang.Object)'> (0x0000000089b201a0) 
thrown [./open/src/hotspot/share/interpreter/linkResolver.cpp, line 782]
Event: 0.251 Thread 0x00000241c9cafa10 Exception <a 'java/lang/NoSuchMethodError'{0x0000000089b44280}: 'java.lang.Object java.lang.invoke.DirectMethodHandle$Holder.invokeInterface(java.lang.Object, java.lang.Object)'> (0x0000000089b44280) 
thrown [./open/src/hotspot/share/interpreter/linkResolver.cpp, line 782]
Event: 0.252 Thread 0x00000241c9cafa10 Exception <a 'java/lang/NoSuchMethodError'{0x0000000089b4c910}: 'java.lang.Object java.lang.invoke.DirectMethodHandle$Holder.invokeStaticInit(java.lang.Object, java.lang.Object, java.lang.Object)'> (0x0000000089b4c910) 
thrown [./open/src/hotspot/share/interpreter/linkResolver.cpp, line 782]
Event: 0.255 Thread 0x00000241c9cafa10 Exception <a 'java/lang/NoSuchMethodError'{0x0000000089b6af28}: 'int java.lang.invoke.DirectMethodHandle$Holder.invokeInterface(java.lang.Object, java.lang.Object)'> (0x0000000089b6af28) 
thrown [./open/src/hotspot/share/interpreter/linkResolver.cpp, line 782]
Event: 0.255 Thread 0x00000241c9cafa10 Exception <a 'java/lang/IncompatibleClassChangeError'{0x0000000089b6e720}: Found class java.lang.Object, but interface was expected> (0x0000000089b6e720) 
thrown [./open/src/hotspot/share/interpreter/linkResolver.cpp, line 848]
Event: 0.256 Thread 0x00000241c9cafa10 Exception <a 'java/lang/NoSuchMethodError'{0x0000000089b749d8}: 'void java.lang.invoke.DirectMethodHandle$Holder.invokeStatic(java.lang.Object, java.lang.Object)'> (0x0000000089b749d8) 
thrown [./open/src/hotspot/share/interpreter/linkResolver.cpp, line 782]
Event: 0.307 Thread 0x00000241c9cafa10 Exception <a 'java/lang/NoSuchMethodError'{0x0000000089a33bb0}: 'int java.lang.invoke.DirectMethodHandle$Holder.invokeSpecial(java.lang.Object, java.lang.Object, java.lang.Object)'> (0x0000000089a33bb0) 
thrown [./open/src/hotspot/share/interpreter/linkResolver.cpp, line 782]
Event: 0.345 Thread 0x00000241c9cafa10 Exception <a 'java/lang/NoSuchMethodError'{0x0000000089906ae0}: 'void java.lang.invoke.DirectMethodHandle$Holder.invokeStatic(java.lang.Object, java.lang.Object, java.lang.Object)'> (0x0000000089906ae0) 
thrown [./open/src/hotspot/share/interpreter/linkResolver.cpp, line 782]
Event: 0.380 Thread 0x00000241c9cafa10 Exception <a 'java/lang/NoSuchMethodError'{0x0000000089965890}: 'int java.lang.invoke.DirectMethodHandle$Holder.invokeSpecialIFC(java.lang.Object, java.lang.Object, java.lang.Object)'> (0x0000000089965890) 
thrown [./open/src/hotspot/share/interpreter/linkResolver.cpp, line 782]

Events (20 events):
Event: 0.401 loading class sun/security/provider/Sun done
Event: 0.402 loading class sun/security/provider/SunEntries
Event: 0.402 loading class sun/security/provider/SunEntries done
Event: 0.402 loading class sun/security/provider/SunEntries$1
Event: 0.402 loading class sun/security/provider/SunEntries$1 done
Event: 0.402 loading class sun/security/provider/NativePRNG
Event: 0.402 loading class sun/security/provider/NativePRNG done
Event: 0.402 loading class sun/security/provider/NativePRNG$Blocking
Event: 0.402 loading class sun/security/provider/NativePRNG$Blocking done
Event: 0.402 loading class sun/security/provider/NativePRNG$NonBlocking
Event: 0.402 loading class sun/security/provider/NativePRNG$NonBlocking done
Event: 0.402 loading class java/security/Provider$Service
Event: 0.402 loading class java/security/Provider$Service done
Event: 0.402 loading class java/security/Provider$UString
Event: 0.402 loading class java/security/Provider$UString done
Event: 0.403 loading class sun/security/util/SecurityProviderConstants
Event: 0.403 loading class sun/security/util/SecurityProviderConstants done
Event: 0.403 loading class sun/security/util/KnownOIDs
Event: 0.403 loading class sun/security/util/KnownOIDs done
Event: 0.404 Executing VM operation: CollectForMetadataAllocation


Dynamic libraries:
0x00007ff62b8b0000 - 0x00007ff62b8bd000 	C:\Users\c\Documents\tools\sts-4.9.0.RELEASE\plugins\org.eclipse.justj.openjdk.hotspot.jre.full.win32.x86_64_15.0.1.v20201027-0507\jre\bin\javaw.exe
0x00007ffd9e3f0000 - 0x00007ffd9e5e5000 	C:\WINDOWS\SYSTEM32\ntdll.dll
0x00007ffd9cb00000 - 0x00007ffd9cbbd000 	C:\WINDOWS\System32\KERNEL32.DLL
0x00007ffd9bb30000 - 0x00007ffd9bdf8000 	C:\WINDOWS\System32\KERNELBASE.dll
0x00007ffd9be60000 - 0x00007ffd9bf60000 	C:\WINDOWS\System32\ucrtbase.dll
0x00007ffd92c80000 - 0x00007ffd92c98000 	C:\Users\c\Documents\tools\sts-4.9.0.RELEASE\plugins\org.eclipse.justj.openjdk.hotspot.jre.full.win32.x86_64_15.0.1.v20201027-0507\jre\bin\jli.dll
0x00007ffd9e1a0000 - 0x00007ffd9e340000 	C:\WINDOWS\System32\USER32.dll
0x00007ffd9c2d0000 - 0x00007ffd9c2f2000 	C:\WINDOWS\System32\win32u.dll
0x00007ffd9d1c0000 - 0x00007ffd9d1ea000 	C:\WINDOWS\System32\GDI32.dll
0x00007ffd9bfb0000 - 0x00007ffd9c0bb000 	C:\WINDOWS\System32\gdi32full.dll
0x00007ffd9c300000 - 0x00007ffd9c39d000 	C:\WINDOWS\System32\msvcp_win.dll
0x00007ffd8dd40000 - 0x00007ffd8dd59000 	C:\Users\c\Documents\tools\sts-4.9.0.RELEASE\plugins\org.eclipse.justj.openjdk.hotspot.jre.full.win32.x86_64_15.0.1.v20201027-0507\jre\bin\VCRUNTIME140.dll
0x00007ffd88a60000 - 0x00007ffd88cfa000 	C:\WINDOWS\WinSxS\amd64_microsoft.windows.common-controls_6595b64144ccf1df_6.0.19041.844_none_ca00b6081b84eb1d\COMCTL32.dll
0x00007ffd9d120000 - 0x00007ffd9d1be000 	C:\WINDOWS\System32\msvcrt.dll
0x00007ffd9c9a0000 - 0x00007ffd9c9d0000 	C:\WINDOWS\System32\IMM32.DLL
0x00007ffd90dd0000 - 0x00007ffd90ddc000 	C:\Users\c\Documents\tools\sts-4.9.0.RELEASE\plugins\org.eclipse.justj.openjdk.hotspot.jre.full.win32.x86_64_15.0.1.v20201027-0507\jre\bin\vcruntime140_1.dll
0x00007ffd7f540000 - 0x00007ffd7f5d1000 	C:\Users\c\Documents\tools\sts-4.9.0.RELEASE\plugins\org.eclipse.justj.openjdk.hotspot.jre.full.win32.x86_64_15.0.1.v20201027-0507\jre\bin\msvcp140.dll
0x00007ffd5e2a0000 - 0x00007ffd5edfe000 	C:\Users\c\Documents\tools\sts-4.9.0.RELEASE\plugins\org.eclipse.justj.openjdk.hotspot.jre.full.win32.x86_64_15.0.1.v20201027-0507\jre\bin\server\jvm.dll
0x00007ffd9d250000 - 0x00007ffd9d2fc000 	C:\WINDOWS\System32\ADVAPI32.dll
0x00007ffd9c7d0000 - 0x00007ffd9c86b000 	C:\WINDOWS\System32\sechost.dll
0x00007ffd9c870000 - 0x00007ffd9c99b000 	C:\WINDOWS\System32\RPCRT4.dll
0x00007ffd9c6f0000 - 0x00007ffd9c6f8000 	C:\WINDOWS\System32\PSAPI.DLL
0x00007ffd7a330000 - 0x00007ffd7a339000 	C:\WINDOWS\SYSTEM32\WSOCK32.dll
0x00007ffd86130000 - 0x00007ffd86157000 	C:\WINDOWS\SYSTEM32\WINMM.dll
0x00007ffd8de90000 - 0x00007ffd8de9a000 	C:\WINDOWS\SYSTEM32\VERSION.dll
0x00007ffd9d040000 - 0x00007ffd9d0ab000 	C:\WINDOWS\System32\WS2_32.dll
0x00007ffd9a400000 - 0x00007ffd9a412000 	C:\WINDOWS\SYSTEM32\kernel.appcore.dll
0x00007ffd92db0000 - 0x00007ffd92dba000 	C:\Users\c\Documents\tools\sts-4.9.0.RELEASE\plugins\org.eclipse.justj.openjdk.hotspot.jre.full.win32.x86_64_15.0.1.v20201027-0507\jre\bin\jimage.dll
0x00007ffd9a110000 - 0x00007ffd9a2f4000 	C:\WINDOWS\SYSTEM32\DBGHELP.DLL
0x00007ffd885e0000 - 0x00007ffd8860c000 	C:\WINDOWS\SYSTEM32\dbgcore.DLL
0x00007ffd9c3a0000 - 0x00007ffd9c420000 	C:\WINDOWS\System32\bcryptPrimitives.dll
0x00007ffd90b50000 - 0x00007ffd90b75000 	C:\Users\c\Documents\tools\sts-4.9.0.RELEASE\plugins\org.eclipse.justj.openjdk.hotspot.jre.full.win32.x86_64_15.0.1.v20201027-0507\jre\bin\java.dll
0x00007ffd92c10000 - 0x00007ffd92c28000 	C:\Users\c\Documents\tools\sts-4.9.0.RELEASE\plugins\org.eclipse.justj.openjdk.hotspot.jre.full.win32.x86_64_15.0.1.v20201027-0507\jre\bin\zip.dll
0x00007ffd9d300000 - 0x00007ffd9da42000 	C:\WINDOWS\System32\SHELL32.dll
0x00007ffd998b0000 - 0x00007ffd9a041000 	C:\WINDOWS\SYSTEM32\windows.storage.dll
0x00007ffd9cbc0000 - 0x00007ffd9cf15000 	C:\WINDOWS\System32\combase.dll
0x00007ffd9b5a0000 - 0x00007ffd9b5cc000 	C:\WINDOWS\SYSTEM32\Wldp.dll
0x00007ffd9ca50000 - 0x00007ffd9cafe000 	C:\WINDOWS\System32\SHCORE.dll
0x00007ffd9dc00000 - 0x00007ffd9dc55000 	C:\WINDOWS\System32\shlwapi.dll
0x00007ffd9ba70000 - 0x00007ffd9ba8f000 	C:\WINDOWS\SYSTEM32\profapi.dll
0x00007ffd90950000 - 0x00007ffd90969000 	C:\Users\c\Documents\tools\sts-4.9.0.RELEASE\plugins\org.eclipse.justj.openjdk.hotspot.jre.full.win32.x86_64_15.0.1.v20201027-0507\jre\bin\net.dll
0x00007ffd91f60000 - 0x00007ffd9206b000 	C:\WINDOWS\SYSTEM32\WINHTTP.dll
0x00007ffd9b310000 - 0x00007ffd9b37a000 	C:\WINDOWS\system32\mswsock.dll
0x00007ffd90930000 - 0x00007ffd90942000 	C:\Users\c\Documents\tools\sts-4.9.0.RELEASE\plugins\org.eclipse.justj.openjdk.hotspot.jre.full.win32.x86_64_15.0.1.v20201027-0507\jre\bin\nio.dll
0x00007ffd90920000 - 0x00007ffd90929000 	C:\Users\c\Documents\tools\sts-4.9.0.RELEASE\plugins\org.eclipse.justj.openjdk.hotspot.jre.full.win32.x86_64_15.0.1.v20201027-0507\jre\bin\management.dll
0x00007ffd90430000 - 0x00007ffd9043b000 	C:\Users\c\Documents\tools\sts-4.9.0.RELEASE\plugins\org.eclipse.justj.openjdk.hotspot.jre.full.win32.x86_64_15.0.1.v20201027-0507\jre\bin\management_ext.dll
0x00007ffd787c0000 - 0x00007ffd787d7000 	C:\WINDOWS\system32\napinsp.dll
0x00007ffd787a0000 - 0x00007ffd787bb000 	C:\WINDOWS\system32\pnrpnsp.dll
0x00007ffd921f0000 - 0x00007ffd92205000 	C:\WINDOWS\system32\wshbth.dll
0x00007ffd92bf0000 - 0x00007ffd92c0d000 	C:\WINDOWS\system32\NLAapi.dll
0x00007ffd9afb0000 - 0x00007ffd9afeb000 	C:\WINDOWS\SYSTEM32\IPHLPAPI.DLL
0x00007ffd9b000000 - 0x00007ffd9b0cc000 	C:\WINDOWS\SYSTEM32\DNSAPI.dll
0x00007ffd9e340000 - 0x00007ffd9e348000 	C:\WINDOWS\System32\NSI.dll
0x00007ffd78760000 - 0x00007ffd78772000 	C:\WINDOWS\System32\winrnr.dll
0x00007ffd8e690000 - 0x00007ffd8e69a000 	C:\Windows\System32\rasadhlp.dll
0x00007ffd89b50000 - 0x00007ffd89bcf000 	C:\WINDOWS\System32\fwpuclnt.dll
0x00007ffd9c420000 - 0x00007ffd9c447000 	C:\WINDOWS\System32\bcrypt.dll

dbghelp: loaded successfully - version: 4.0.5 - missing functions: none
symbol engine: initialized successfully - sym options: 0x614 - pdb path: .;C:\Users\c\Documents\tools\sts-4.9.0.RELEASE\plugins\org.eclipse.justj.openjdk.hotspot.jre.full.win32.x86_64_15.0.1.v20201027-0507\jre\bin;C:\WINDOWS\SYSTEM32;C:\WINDOWS\WinSxS\amd64_microsoft.windows.common-controls_6595b64144ccf1df_6.0.19041.844_none_ca00b6081b84eb1d;C:\Users\c\Documents\tools\sts-4.9.0.RELEASE\plugins\org.eclipse.justj.openjdk.hotspot.jre.full.win32.x86_64_15.0.1.v20201027-0507\jre\bin\server

VM Arguments:
jvm_args: -Dcom.sun.management.jmxremote -Dcom.sun.management.jmxremote.port=58933 -Dcom.sun.management.jmxremote.authenticate=false -Dcom.sun.management.jmxremote.ssl=false -Djava.rmi.server.hostname=localhost -Dspring.jmx.enabled=true -Dspring.application.admin.enabled=true -XX:TieredStopAtLevel=1 -Dspring.boot.project.name=JustVoteprj -Dfile.encoding=UTF-8 -XX:+ShowCodeDetailsInExceptionMessages 
java_command: com.justvote.JustVoteprjApplication --spring.output.ansi.enabled=always
java_class_path (initial): C:\Users\c\Documents\workspace2\JustVoteprj\bin\main;C:\Users\c\.gradle\caches\modules-2\files-2.1\org.projectlombok\lombok\1.18.20\18bcea7d5df4d49227b4a0743a536208ce4825bb\lombok-1.18.20.jar;C:\Users\c\.gradle\caches\modules-2\files-2.1\org.mybatis.spring.boot\mybatis-spring-boot-starter\2.1.4\1ad97a0fb96ec3630e598e5aaae2dbd2fd29fdb0\mybatis-spring-boot-starter-2.1.4.jar;C:\Users\c\.gradle\caches\modules-2\files-2.1\org.springframework.boot\spring-boot-starter-jdbc\2.4.5\abcca18ef5a2c877a5574a492b570bb260640de3\spring-boot-starter-jdbc-2.4.5.jar;C:\Users\c\.gradle\caches\modules-2\files-2.1\org.springframework.boot\spring-boot-starter-web\2.4.5\93cf2655557534e35723fbafa069bed2ee125832\spring-boot-starter-web-2.4.5.jar;C:\Users\c\.gradle\caches\modules-2\files-2.1\org.springframework.boot\spring-boot-starter-json\2.4.5\5c1623aa53adf10cd98884f60db2d9f5958dbc28\spring-boot-starter-json-2.4.5.jar;C:\Users\c\.gradle\caches\modules-2\files-2.1\org.springframework.boot\spring-boot-starter\2.4.5\5f5398f459beb958fc2ece1a433420bf03cec628\spring-boot-starter-2.4.5.jar;C:\Users\c\.gradle\caches\modules-2\files-2.1\com.zaxxer\HikariCP\3.4.5\aa1a2c00aae8e4ba8308e19940711bb9525b103d\HikariCP-3.4.5.jar;C:\Users\c\.gradle\caches\modules-2\files-2.1\org.springframework\spring-jdbc\5.3.6\986092dcd187de4d3dbfb5291cef4483f1946d40\spring-jdbc-5.3.6.jar;C:\Users\c\.gradle\caches\modules-2\files-2.1\org.springframework.boot\spring-boot-starter-tomcat\2.4.5\f562f975967df544afd88d8d10aa4bcd356b799d\spring-boot-starter-tomcat-2.4.5.jar;C:\Users\c\.gradle\caches\modules-2\files-2.1\org.springframework\spring-webmvc\5.3.6\a9bff0c28f90c73b0443de1d9299f32778ac8421\spring-webmvc-5.3.6.jar;C:\Users\c\.gradle\caches\modules-2\files-2.1\org.springframework\spring-web\5.3.6\f9290db7324194921c236ad9a940467f55304fa7\spring-web-5.3.6.jar;C:\Users\c\.gradle\caches\modules-2\files-2.1\org.mybatis.spring.boot\mybatis-spring-boot-autoconfigure\2.1.4\190f1630d0f7dee0dfecbacf7216b
Launcher Type: SUN_STANDARD

[Global flags]
     intx CICompilerCount                          = 4                                         {product} {ergonomic}
     uint ConcGCThreads                            = 2                                         {product} {ergonomic}
     uint G1ConcRefinementThreads                  = 8                                         {product} {ergonomic}
   size_t G1HeapRegionSize                         = 1048576                                   {product} {ergonomic}
    uintx GCDrainStackTargetSize                   = 64                                        {product} {ergonomic}
   size_t InitialHeapSize                          = 132120576                                 {product} {ergonomic}
     bool ManagementServer                         = true                                      {product} {command line}
   size_t MarkStackSize                            = 4194304                                   {product} {ergonomic}
   size_t MaxHeapSize                              = 2111832064                                {product} {ergonomic}
   size_t MaxNewSize                               = 1266679808                                {product} {ergonomic}
   size_t MinHeapDeltaBytes                        = 1048576                                   {product} {ergonomic}
   size_t MinHeapSize                              = 8388608                                   {product} {ergonomic}
    uintx NonNMethodCodeHeapSize                   = 7549744                                {pd product} {ergonomic}
    uintx NonProfiledCodeHeapSize                  = 244108496                              {pd product} {ergonomic}
    uintx ProfiledCodeHeapSize                     = 0                                      {pd product} {ergonomic}
    uintx ReservedCodeCacheSize                    = 251658240                              {pd product} {ergonomic}
     bool SegmentedCodeCache                       = true                                      {product} {ergonomic}
     bool ShowCodeDetailsInExceptionMessages       = true                                   {manageable} {command line}
   size_t SoftMaxHeapSize                          = 2111832064                             {manageable} {ergonomic}
     intx TieredStopAtLevel                        = 1                                         {product} {command line}
     bool UseCompressedClassPointers               = true                                 {lp64_product} {ergonomic}
     bool UseCompressedOops                        = true                                 {lp64_product} {ergonomic}
     bool UseG1GC                                  = true                                      {product} {ergonomic}
     bool UseLargePagesIndividualAllocation        = false                                  {pd product} {ergonomic}

Logging:
Log output configuration:
 #0: stdout all=warning uptime,level,tags
 #1: stderr all=off uptime,level,tags

Environment Variables:
JAVA_HOME=C:\Program Files\Java\jdk-14
CLASSPATH=%classpath%;C:\Users\c\Documents\tools\ojdbc.jar;.;
PATH=C:/Users/c/Documents/tools/sts-4.9.0.RELEASE//plugins/org.eclipse.justj.openjdk.hotspot.jre.full.win32.x86_64_15.0.1.v20201027-0507/jre/bin/server;C:/Users/c/Documents/tools/sts-4.9.0.RELEASE//plugins/org.eclipse.justj.openjdk.hotspot.jre.full.win32.x86_64_15.0.1.v20201027-0507/jre/bin;C:\Program Files (x86)\Common Files\Oracle\Java\javapath;C:\Program Files (x86)\Intel\Intel(R) Management Engine Components\iCLS\;C:\Program Files\Intel\Intel(R) Management Engine Components\iCLS\;C:\windows\system32;C:\windows;C:\windows\System32\Wbem;C:\windows\System32\WindowsPowerShell\v1.0\;C:\windows\System32\OpenSSH\;C:\Program Files (x86)\NVIDIA Corporation\PhysX\Common;C:\Program Files\Intel\WiFi\bin\;C:\Program Files\Common Files\Intel\WirelessCommon\;C:\WINDOWS\system32;C:\WINDOWS;C:\WINDOWS\System32\Wbem;C:\WINDOWS\System32\WindowsPowerShell\v1.0\;C:\WINDOWS\System32\OpenSSH\;C:\Program Files\Java\jdk-14\bin;C:\Program Files\PuTTY\;C:\Program Files\Amazon\AWSCLIV2\;C:\Program Files\MySQL\MySQL Server 8.0\bin;C:\Program Files\Git\cmd;C:\Program Files\nodejs\;C:\Program Files\MySQL\MySQL Shell 8.0\bin\;C:\Users\c\AppData\Local\Microsoft\WindowsApps;C:\Users\c\AppData\Local\Programs\Microsoft VS Code\bin;C:\Users\c\AppData\Roaming\npm;C:\Users\c\Documents\tools\sts-4.9.0.RELEASE;
USERNAME=c
OS=Windows_NT
PROCESSOR_IDENTIFIER=Intel64 Family 6 Model 142 Stepping 12, GenuineIntel



---------------  S Y S T E M  ---------------

OS:
 Windows 10 , 64 bit Build 19041 (10.0.19041.928)
OS uptime: 0 days 5:24 hours

CPU: total 8 (initial active 8) (4 cores per cpu, 2 threads per core) family 6 model 142 stepping 12 microcode 0xb8, cmov, cx8, fxsr, mmx, sse, sse2, sse3, ssse3, sse4.1, sse4.2, popcnt, vzeroupper, avx, avx2, aes, clmul, erms, 3dnowpref, lzcnt, ht, tsc, tscinvbit, bmi1, bmi2, adx, fma, clflush, clflushopt

Memory: 4k page, system-wide physical 8049M (1469M free)
TotalPageFile size 9964M (AvailPageFile size 4M)
current process WorkingSet (physical memory assigned to process): 51M, peak: 51M
current process commit charge ("private bytes"): 208M, peak: 209M

vm_info: OpenJDK 64-Bit Server VM (15.0.1+9-18) for windows-amd64 JRE (15.0.1+9-18), built on Sep 15 2020 14:39:31 by "mach5one" with unknown MS VC++:1925

END.
